Log file open, 12/09/21 08:49:31
LogWindows: Failed to load 'aqProf.dll' (GetLastError=126)
LogWindows: File 'aqProf.dll' does not exist
LogWindows: Failed to load 'VtuneApi.dll' (GetLastError=126)
LogWindows: File 'VtuneApi.dll' does not exist
LogWindows: Failed to load 'VtuneApi32e.dll' (GetLastError=126)
LogWindows: File 'VtuneApi32e.dll' does not exist
LogConsoleResponse: Display: Failed to find resolution value strings in scalability ini. Falling back to default.
LogConsoleResponse: Display: Failed to find resolution value strings in scalability ini. Falling back to default.
LogInit: Display: Running engine for game: EXPVR
LogPlatformFile: Not using cached read wrapper
LogTaskGraph: Started task graph with 5 named threads and 35 total threads with 3 sets of task threads.
LogStats: Stats thread started at 0.206194
LogICUInternationalization: ICU TimeZone Detection - Raw Offset: +1:00, Platform Override: ''
LogInit: Display: Loading text-based GConfig....
LogPluginManager: Mounting plugin MeshPainting
LogPluginManager: Mounting plugin XGEController
LogPluginManager: Mounting plugin EnvironmentQueryEditor
LogPluginManager: Mounting plugin LightPropagationVolume
LogPluginManager: Mounting plugin Paper2D
LogPluginManager: Mounting plugin AISupport
LogPluginManager: Mounting plugin LiveLink
LogPluginManager: Mounting plugin OodleData
LogPluginManager: Mounting plugin CLionSourceCodeAccess
LogPluginManager: Mounting plugin AnimationSharing
LogPluginManager: Mounting plugin CodeLiteSourceCodeAccess
LogPluginManager: Mounting plugin PerforceSourceControl
LogPluginManager: Mounting plugin NullSourceCodeAccess
LogPluginManager: Mounting plugin GitSourceControl
LogPluginManager: Mounting plugin PixWinPlugin
LogPluginManager: Mounting plugin PlasticSourceControl
LogPluginManager: Mounting plugin PluginUtils
LogPluginManager: Mounting plugin PropertyAccessNode
LogPluginManager: Mounting plugin SubversionSourceControl
LogPluginManager: Mounting plugin TextureFormatOodle
LogPluginManager: Mounting plugin KDevelopSourceCodeAccess
LogPluginManager: Mounting plugin UObjectPlugin
LogPluginManager: Mounting plugin RiderSourceCodeAccess
LogPluginManager: Mounting plugin AssetManagerEditor
LogPluginManager: Mounting plugin BlueprintMaterialTextureNodes
LogPluginManager: Mounting plugin CryptoKeys
LogPluginManager: Mounting plugin CurveEditorTools
LogPluginManager: Mounting plugin DataValidation
LogPluginManager: Mounting plugin GeometryMode
LogPluginManager: Mounting plugin FacialAnimation
LogPluginManager: Mounting plugin GameplayTagsEditor
LogPluginManager: Mounting plugin MaterialAnalyzer
LogPluginManager: Mounting plugin MacGraphicsSwitching
LogPluginManager: Mounting plugin MobileLauncherProfileWizard
LogPluginManager: Mounting plugin PluginBrowser
LogPluginManager: Mounting plugin VisualStudioCodeSourceCodeAccess
LogPluginManager: Mounting plugin StylusInput
LogPluginManager: Mounting plugin VisualStudioSourceCodeAccess
LogPluginManager: Mounting plugin SpeedTreeImporter
LogPluginManager: Mounting plugin OodleNetwork
LogPluginManager: Mounting plugin XCodeSourceCodeAccess
LogPluginManager: Mounting plugin AlembicImporter
LogPluginManager: Mounting plugin AutomationUtils
LogPluginManager: Mounting plugin ChaosCloth
LogPluginManager: Mounting plugin ChaosClothEditor
LogPluginManager: Mounting plugin ChaosEditor
LogPluginManager: Mounting plugin ChaosSolverPlugin
LogPluginManager: Mounting plugin ChaosNiagara
LogPluginManager: Mounting plugin CharacterAI
LogPluginManager: Mounting plugin DatasmithContent
LogPluginManager: Mounting plugin GeometryCollectionPlugin
LogPluginManager: Mounting plugin GeometryProcessing
LogPluginManager: Mounting plugin BackChannel
LogPluginManager: Mounting plugin Landmass
LogPluginManager: Mounting plugin MeshModelingToolset
LogPluginManager: Mounting plugin GeometryCache
LogPluginManager: Mounting plugin VariantManagerContent
LogPluginManager: Mounting plugin ModelingToolsEditorMode
LogPluginManager: Mounting plugin MotoSynth
LogPluginManager: Mounting plugin OpenImageDenoise
LogPluginManager: Mounting plugin PlanarCut
LogPluginManager: Mounting plugin Niagara
LogPluginManager: Mounting plugin PlatformCrypto
LogPluginManager: Mounting plugin ProxyLODPlugin
LogPluginManager: Mounting plugin PythonScriptPlugin
LogPluginManager: Mounting plugin ShallowWater
LogPluginManager: Mounting plugin SkeletalReduction
LogPluginManager: Mounting plugin Water
LogPluginManager: Mounting plugin AndroidMedia
LogPluginManager: Mounting plugin AvfMedia
LogPluginManager: Mounting plugin ImgMedia
LogPluginManager: Mounting plugin MediaCompositing
LogPluginManager: Mounting plugin MediaPlayerEditor
LogPluginManager: Mounting plugin WebMMedia
LogPluginManager: Mounting plugin WmfMedia
LogPluginManager: Mounting plugin LuminPlatformFeatures
LogPluginManager: Mounting plugin MagicLeap
LogPluginManager: Mounting plugin TcpMessaging
LogPluginManager: Mounting plugin UdpMessaging
LogPluginManager: Mounting plugin MagicLeapLightEstimation
LogPluginManager: Mounting plugin MagicLeapMedia
LogPluginManager: Mounting plugin MagicLeapPassableWorld
LogPluginManager: Mounting plugin MLSDK
LogPluginManager: Mounting plugin OnlineSubsystem
LogPluginManager: Mounting plugin LauncherChunkInstaller
LogPluginManager: Mounting plugin OnlineSubsystemNull
LogPluginManager: Mounting plugin OnlineSubsystemUtils
LogPluginManager: Mounting plugin ActorSequence
LogPluginManager: Mounting plugin LevelSequenceEditor
LogPluginManager: Mounting plugin MatineeToLevelSequence
LogPluginManager: Mounting plugin TemplateSequence
LogPluginManager: Mounting plugin ActorLayerUtilities
LogPluginManager: Mounting plugin AndroidMoviePlayer
LogPluginManager: Mounting plugin AndroidDeviceProfileSelector
LogPluginManager: Mounting plugin AndroidPermission
LogPluginManager: Mounting plugin Takes
LogPluginManager: Mounting plugin AppleImageUtils
LogPluginManager: Mounting plugin AppleMoviePlayer
LogPluginManager: Mounting plugin ArchVisCharacter
LogPluginManager: Mounting plugin AssetTags
LogPluginManager: Mounting plugin AudioCapture
LogPluginManager: Mounting plugin ScreenshotTools
LogPluginManager: Mounting plugin ChunkDownloader
LogPluginManager: Mounting plugin CustomMeshComponent
LogPluginManager: Mounting plugin CableComponent
LogPluginManager: Mounting plugin AudioSynesthesia
LogPluginManager: Mounting plugin EditableMesh
LogPluginManager: Mounting plugin ExampleDeviceProfileSelector
LogPluginManager: Mounting plugin GoogleCloudMessaging
LogPluginManager: Mounting plugin GooglePAD
LogPluginManager: Mounting plugin HairStrands
LogPluginManager: Mounting plugin LocationServicesBPLibrary
LogPluginManager: Mounting plugin LinuxDeviceProfileSelector
LogPluginManager: Mounting plugin IOSDeviceProfileSelector
LogPluginManager: Mounting plugin MobilePatchingUtils
LogPluginManager: Mounting plugin OpenXR
LogPluginManager: Mounting plugin OpenXREyeTracker
LogPluginManager: Mounting plugin OpenXRHandTracking
LogPluginManager: Mounting plugin PhysXVehicles
LogPluginManager: Mounting plugin PostSplashScreen
LogPluginManager: Mounting plugin ProceduralMeshComponent
LogPluginManager: Mounting plugin PropertyAccessEditor
LogPluginManager: Mounting plugin RuntimePhysXCooking
LogPluginManager: Mounting plugin SignificanceManager
LogPluginManager: Mounting plugin SoundFields
LogPluginManager: Mounting plugin Synthesis
LogPluginManager: Mounting plugin WebMMoviePlayer
LogPluginManager: Mounting plugin WindowsMoviePlayer
LogPluginManager: Mounting plugin GameplayCameras
LogPluginManager: Mounting plugin CameraShakePreviewer
LogPluginManager: Mounting plugin ContentBrowserClassDataSource
LogPluginManager: Mounting plugin ContentBrowserAssetDataSource
LogPluginManager: Mounting plugin ContentBrowserFileDataSource
LogPluginManager: Mounting plugin OnlineSubsystemGooglePlay
LogPluginManager: Mounting plugin OnlineSubsystemIOS
LogPluginManager: Mounting plugin OculusVR
LogPluginManager: Mounting plugin SteamVR
PixWinPlugin: PIX capture plugin failed to initialize! Check that the process is launched from PIX.
LogInit: Using libcurl 7.55.1-DEV
LogInit:  - built for x86_64-pc-win32
LogInit:  - supports SSL with OpenSSL/1.1.1
LogInit:  - supports HTTP deflate (compression) using libz 1.2.8
LogInit:  - other features:
LogInit:      CURL_VERSION_SSL
LogInit:      CURL_VERSION_LIBZ
LogInit:      CURL_VERSION_IPV6
LogInit:      CURL_VERSION_ASYNCHDNS
LogInit:      CURL_VERSION_LARGEFILE
LogInit:      CURL_VERSION_IDN
LogInit:  CurlRequestOptions (configurable via config and command line):
LogInit:  - bVerifyPeer = true  - Libcurl will verify peer certificate
LogInit:  - bUseHttpProxy = false  - Libcurl will NOT use HTTP proxy
LogInit:  - bDontReuseConnections = false  - Libcurl will reuse connections
LogInit:  - MaxHostConnections = 16  - Libcurl will limit the number of connections to a host
LogInit:  - LocalHostAddr = Default
LogInit:  - BufferSize = 65536
LogOnline: OSS: Creating online subsystem instance for: NULL
LogInit: WinSock: version 1.1 (2.2), MaxSocks=32767, MaxUdp=65467
LogOnline: OSS: TryLoadSubsystemAndSetDefault: Loaded subsystem for module [NULL]
LogOculusPluginWrapper: OculusPlugin initialized successfully
LogHMD: Failed initializing OVRPlugin 1.59.0
LogInit: Build: ++UE4+Release-4.27-CL-17735300
LogInit: Engine Version: 4.27.1-17735300+++UE4+Release-4.27
LogInit: Compatible Engine Version: 4.27.0-17155196+++UE4+Release-4.27
LogInit: Net CL: 17155196
LogInit: OS: Windows 10 (Release 2009) (), CPU: AMD Ryzen 5 3600 6-Core Processor              , GPU: NVIDIA GeForce GTX 1070
LogInit: Compiled (64-bit): Oct  6 2021 14:42:51
LogInit: Compiled with Visual C++: 19.24.28315.00
LogInit: Build Configuration: Development
LogInit: Branch Name: ++UE4+Release-4.27
LogInit: Command Line:  /Game/EXVR_P -game -PIEVIACONSOLE -Multiprocess "GameUserSettingsINI=D:/uni/year 3/3D VR project/The actual game/DAT-Project/DAT-Project/EXPVR/Saved/Config/Windows/PIEGameUserSettings0.ini" -MultiprocessSaveConfig -forcepassthrough -messaging -SessionName="Play in Standalone Game" -featureleveles31 -faketouches -MultiprocessSaveConfig -windowed -WinX=0 -WinY=30 SAVEWINPOS=1 -ResX=2574 -ResY=1022 -ForceRes
LogInit: Base Directory: D:/programs/unreal engine/UE_4.27/Engine/Binaries/Win64/
LogInit: Allocator: TBB
LogInit: Installed Engine Build: 1
LogDevObjectVersion: Number of dev versions registered: 29
LogDevObjectVersion:   Dev-Blueprints (B0D832E4-1F89-4F0D-ACCF-7EB736FD4AA2): 10
LogDevObjectVersion:   Dev-Build (E1C64328-A22C-4D53-A36C-8E866417BD8C): 0
LogDevObjectVersion:   Dev-Core (375EC13C-06E4-48FB-B500-84F0262A717E): 4
LogDevObjectVersion:   Dev-Editor (E4B068ED-F494-42E9-A231-DA0B2E46BB41): 40
LogDevObjectVersion:   Dev-Framework (CFFC743F-43B0-4480-9391-14DF171D2073): 37
LogDevObjectVersion:   Dev-Mobile (B02B49B5-BB20-44E9-A304-32B752E40360): 3
LogDevObjectVersion:   Dev-Networking (A4E4105C-59A1-49B5-A7C5-40C4547EDFEE): 0
LogDevObjectVersion:   Dev-Online (39C831C9-5AE6-47DC-9A44-9C173E1C8E7C): 0
LogDevObjectVersion:   Dev-Physics (78F01B33-EBEA-4F98-B9B4-84EACCB95AA2): 14
LogDevObjectVersion:   Dev-Platform (6631380F-2D4D-43E0-8009-CF276956A95A): 0
LogDevObjectVersion:   Dev-Rendering (12F88B9F-8875-4AFC-A67C-D90C383ABD29): 45
LogDevObjectVersion:   Dev-Sequencer (7B5AE74C-D270-4C10-A958-57980B212A5A): 13
LogDevObjectVersion:   Dev-VR (D7296918-1DD6-4BDD-9DE2-64A83CC13884): 3
LogDevObjectVersion:   Dev-LoadTimes (C2A15278-BFE7-4AFE-6C17-90FF531DF755): 1
LogDevObjectVersion:   Private-Geometry (6EACA3D4-40EC-4CC1-B786-8BED09428FC5): 3
LogDevObjectVersion:   Dev-AnimPhys (29E575DD-E0A3-4627-9D10-D276232CDCEA): 17
LogDevObjectVersion:   Dev-Anim (AF43A65D-7FD3-4947-9873-3E8ED9C1BB05): 15
LogDevObjectVersion:   Dev-ReflectionCapture (6B266CEC-1EC7-4B8F-A30B-E4D90942FC07): 1
LogDevObjectVersion:   Dev-Automation (0DF73D61-A23F-47EA-B727-89E90C41499A): 1
LogDevObjectVersion:   FortniteMain (601D1886-AC64-4F84-AA16-D3DE0DEAC7D6): 47
LogDevObjectVersion:   FortniteRelease (E7086368-6B23-4C58-8439-1B7016265E91): 1
LogDevObjectVersion:   Dev-Enterprise (9DFFBCD6-494F-0158-E221-12823C92A888): 10
LogDevObjectVersion:   Dev-Niagara (F2AED0AC-9AFE-416F-8664-AA7FFA26D6FC): 1
LogDevObjectVersion:   Dev-Destruction (174F1F0B-B4C6-45A5-B13F-2EE8D0FB917D): 10
LogDevObjectVersion:   Dev-Physics-Ext (35F94A83-E258-406C-A318-09F59610247C): 41
LogDevObjectVersion:   Dev-PhysicsMaterial-Chaos (B68FC16E-8B1B-42E2-B453-215C058844FE): 1
LogDevObjectVersion:   Dev-CineCamera (B2E18506-4273-CFC2-A54E-F4BB758BBA07): 1
LogDevObjectVersion:   Dev-VirtualProduction (64F58936-FD1B-42BA-BA96-7289D5D0FA4E): 1
LogDevObjectVersion:   Dev-MediaFramework (6F0ED827-A609-4895-9C91-998D90180EA4): 2
LogInit: Presizing for max 25165824 objects, including 0 objects not considered by GC, pre-allocating 0 bytes for permanent pool.
LogConfig: Applying CVar settings from Section [/Script/Engine.StreamingSettings] File [D:/uni/year 3/3D VR project/The actual game/DAT-Project/DAT-Project/EXPVR/Saved/Config/Windows/Engine.ini]
LogConfig: Setting CVar [[s.MinBulkDataSizeForAsyncLoading:131072]]
LogConfig: Setting CVar [[s.AsyncLoadingThreadEnabled:0]]
LogConfig: Setting CVar [[s.EventDrivenLoaderEnabled:1]]
LogConfig: Setting CVar [[s.WarnIfTimeLimitExceeded:0]]
LogConfig: Setting CVar [[s.TimeLimitExceededMultiplier:1.5]]
LogConfig: Setting CVar [[s.TimeLimitExceededMinTime:0.005]]
LogConfig: Setting CVar [[s.UseBackgroundLevelStreaming:1]]
LogConfig: Setting CVar [[s.PriorityAsyncLoadingExtraTime:15.0]]
LogConfig: Setting CVar [[s.LevelStreamingActorsUpdateTimeLimit:5.0]]
LogConfig: Setting CVar [[s.PriorityLevelStreamingActorsUpdateExtraTime:5.0]]
LogConfig: Setting CVar [[s.LevelStreamingComponentsRegistrationGranularity:10]]
LogConfig: Setting CVar [[s.UnregisterComponentsTimeLimit:1.0]]
LogConfig: Setting CVar [[s.LevelStreamingComponentsUnregistrationGranularity:5]]
LogConfig: Setting CVar [[s.FlushStreamingOnExit:1]]
LogInit: Object subsystem initialized
LogConfig: Setting CVar [[con.DebugEarlyDefault:1]]
LogConfig: Setting CVar [[r.setres:1280x720]]
LogConfig: Setting CVar [[fx.NiagaraAllowRuntimeScalabilityChanges:1]]
[2021.12.09-07.49.32:436][  0]LogConfig: Setting CVar [[con.DebugEarlyDefault:1]]
[2021.12.09-07.49.32:436][  0]LogConfig: Setting CVar [[r.setres:1280x720]]
[2021.12.09-07.49.32:436][  0]LogConfig: Setting CVar [[fx.NiagaraAllowRuntimeScalabilityChanges:1]]
[2021.12.09-07.49.32:436][  0]LogConfig: Applying CVar settings from Section [/Script/Engine.RendererSettings] File [D:/uni/year 3/3D VR project/The actual game/DAT-Project/DAT-Project/EXPVR/Saved/Config/Windows/Engine.ini]
[2021.12.09-07.49.32:436][  0]LogConfig: Setting CVar [[r.GPUCrashDebugging:0]]
[2021.12.09-07.49.32:436][  0]LogConfig: Applying CVar settings from Section [/Script/Engine.RendererOverrideSettings] File [D:/uni/year 3/3D VR project/The actual game/DAT-Project/DAT-Project/EXPVR/Saved/Config/Windows/Engine.ini]
[2021.12.09-07.49.32:436][  0]LogConfig: Applying CVar settings from Section [/Script/Engine.StreamingSettings] File [D:/uni/year 3/3D VR project/The actual game/DAT-Project/DAT-Project/EXPVR/Saved/Config/Windows/Engine.ini]
[2021.12.09-07.49.32:436][  0]LogConfig: Setting CVar [[s.MinBulkDataSizeForAsyncLoading:131072]]
[2021.12.09-07.49.32:436][  0]LogConfig: Setting CVar [[s.AsyncLoadingThreadEnabled:0]]
[2021.12.09-07.49.32:436][  0]LogConfig: Setting CVar [[s.EventDrivenLoaderEnabled:1]]
[2021.12.09-07.49.32:436][  0]LogConfig: Setting CVar [[s.WarnIfTimeLimitExceeded:0]]
[2021.12.09-07.49.32:436][  0]LogConfig: Setting CVar [[s.TimeLimitExceededMultiplier:1.5]]
[2021.12.09-07.49.32:436][  0]LogConfig: Setting CVar [[s.TimeLimitExceededMinTime:0.005]]
[2021.12.09-07.49.32:436][  0]LogConfig: Setting CVar [[s.UseBackgroundLevelStreaming:1]]
[2021.12.09-07.49.32:436][  0]LogConfig: Setting CVar [[s.PriorityAsyncLoadingExtraTime:15.0]]
[2021.12.09-07.49.32:436][  0]LogConfig: Setting CVar [[s.LevelStreamingActorsUpdateTimeLimit:5.0]]
[2021.12.09-07.49.32:436][  0]LogConfig: Setting CVar [[s.PriorityLevelStreamingActorsUpdateExtraTime:5.0]]
[2021.12.09-07.49.32:436][  0]LogConfig: Setting CVar [[s.LevelStreamingComponentsRegistrationGranularity:10]]
[2021.12.09-07.49.32:436][  0]LogConfig: Setting CVar [[s.UnregisterComponentsTimeLimit:1.0]]
[2021.12.09-07.49.32:436][  0]LogConfig: Setting CVar [[s.LevelStreamingComponentsUnregistrationGranularity:5]]
[2021.12.09-07.49.32:436][  0]LogConfig: Setting CVar [[s.FlushStreamingOnExit:1]]
[2021.12.09-07.49.32:436][  0]LogConfig: Applying CVar settings from Section [/Script/Engine.GarbageCollectionSettings] File [D:/uni/year 3/3D VR project/The actual game/DAT-Project/DAT-Project/EXPVR/Saved/Config/Windows/Engine.ini]
[2021.12.09-07.49.32:436][  0]LogConfig: Setting CVar [[gc.MaxObjectsNotConsideredByGC:1]]
[2021.12.09-07.49.32:436][  0]LogConfig: Setting CVar [[gc.SizeOfPermanentObjectPool:0]]
[2021.12.09-07.49.32:436][  0]LogConfig: Setting CVar [[gc.FlushStreamingOnGC:0]]
[2021.12.09-07.49.32:436][  0]LogConfig: Setting CVar [[gc.NumRetriesBeforeForcingGC:10]]
[2021.12.09-07.49.32:436][  0]LogConfig: Setting CVar [[gc.AllowParallelGC:1]]
[2021.12.09-07.49.32:436][  0]LogConfig: Setting CVar [[gc.TimeBetweenPurgingPendingKillObjects:61.1]]
[2021.12.09-07.49.32:436][  0]LogConfig: Setting CVar [[gc.MaxObjectsInEditor:25165824]]
[2021.12.09-07.49.32:436][  0]LogConfig: Setting CVar [[gc.IncrementalBeginDestroyEnabled:1]]
[2021.12.09-07.49.32:436][  0]LogConfig: Setting CVar [[gc.CreateGCClusters:1]]
[2021.12.09-07.49.32:436][  0]LogConfig: Setting CVar [[gc.MinGCClusterSize:5]]
[2021.12.09-07.49.32:436][  0]LogConfig: Setting CVar [[gc.ActorClusteringEnabled:0]]
[2021.12.09-07.49.32:436][  0]LogConfig: Setting CVar [[gc.BlueprintClusteringEnabled:0]]
[2021.12.09-07.49.32:436][  0]LogConfig: Setting CVar [[gc.UseDisregardForGCOnDedicatedServers:0]]
[2021.12.09-07.49.32:436][  0]LogConfig: Setting CVar [[gc.MultithreadedDestructionEnabled:1]]
[2021.12.09-07.49.32:436][  0]LogConfig: Applying CVar settings from Section [/Script/Engine.NetworkSettings] File [D:/uni/year 3/3D VR project/The actual game/DAT-Project/DAT-Project/EXPVR/Saved/Config/Windows/Engine.ini]
[2021.12.09-07.49.32:436][  0]LogConfig: Applying CVar settings from Section [/Script/UnrealEd.CookerSettings] File [D:/uni/year 3/3D VR project/The actual game/DAT-Project/DAT-Project/EXPVR/Saved/Config/Windows/Engine.ini]
[2021.12.09-07.49.32:450][  0]LogConfig: Applying CVar settings from Section [ViewDistanceQuality@3] File [D:/uni/year 3/3D VR project/The actual game/DAT-Project/DAT-Project/EXPVR/Saved/Config/Windows/Scalability.ini]
[2021.12.09-07.49.32:450][  0]LogConfig: Setting CVar [[r.SkeletalMeshLODBias:0]]
[2021.12.09-07.49.32:450][  0]LogConfig: Setting CVar [[r.ViewDistanceScale:1.0]]
[2021.12.09-07.49.32:450][  0]LogConfig: Applying CVar settings from Section [AntiAliasingQuality@3] File [D:/uni/year 3/3D VR project/The actual game/DAT-Project/DAT-Project/EXPVR/Saved/Config/Windows/Scalability.ini]
[2021.12.09-07.49.32:450][  0]LogConfig: Setting CVar [[r.PostProcessAAQuality:4]]
[2021.12.09-07.49.32:450][  0]LogConfig: Applying CVar settings from Section [ShadowQuality@3] File [D:/uni/year 3/3D VR project/The actual game/DAT-Project/DAT-Project/EXPVR/Saved/Config/Windows/Scalability.ini]
[2021.12.09-07.49.32:450][  0]LogConfig: Setting CVar [[r.LightFunctionQuality:1]]
[2021.12.09-07.49.32:450][  0]LogConfig: Setting CVar [[r.ShadowQuality:5]]
[2021.12.09-07.49.32:450][  0]LogConfig: Setting CVar [[r.Shadow.CSM.MaxCascades:10]]
[2021.12.09-07.49.32:450][  0]LogConfig: Setting CVar [[r.Shadow.MaxResolution:2048]]
[2021.12.09-07.49.32:450][  0]LogConfig: Setting CVar [[r.Shadow.MaxCSMResolution:2048]]
[2021.12.09-07.49.32:450][  0]LogConfig: Setting CVar [[r.Shadow.RadiusThreshold:0.01]]
[2021.12.09-07.49.32:450][  0]LogConfig: Setting CVar [[r.Shadow.DistanceScale:1.0]]
[2021.12.09-07.49.32:450][  0]LogConfig: Setting CVar [[r.Shadow.CSM.TransitionScale:1.0]]
[2021.12.09-07.49.32:450][  0]LogConfig: Setting CVar [[r.Shadow.PreShadowResolutionFactor:1.0]]
[2021.12.09-07.49.32:450][  0]LogConfig: Setting CVar [[r.DistanceFieldShadowing:1]]
[2021.12.09-07.49.32:450][  0]LogConfig: Setting CVar [[r.DistanceFieldAO:1]]
[2021.12.09-07.49.32:450][  0]LogConfig: Setting CVar [[r.AOQuality:2]]
[2021.12.09-07.49.32:450][  0]LogConfig: Setting CVar [[r.VolumetricFog:1]]
[2021.12.09-07.49.32:450][  0]LogConfig: Setting CVar [[r.VolumetricFog.GridPixelSize:8]]
[2021.12.09-07.49.32:450][  0]LogConfig: Setting CVar [[r.VolumetricFog.GridSizeZ:128]]
[2021.12.09-07.49.32:450][  0]LogConfig: Setting CVar [[r.VolumetricFog.HistoryMissSupersampleCount:4]]
[2021.12.09-07.49.32:450][  0]LogConfig: Setting CVar [[r.LightMaxDrawDistanceScale:1]]
[2021.12.09-07.49.32:450][  0]LogConfig: Setting CVar [[r.CapsuleShadows:1]]
[2021.12.09-07.49.32:450][  0]LogConfig: Applying CVar settings from Section [PostProcessQuality@3] File [D:/uni/year 3/3D VR project/The actual game/DAT-Project/DAT-Project/EXPVR/Saved/Config/Windows/Scalability.ini]
[2021.12.09-07.49.32:450][  0]LogConfig: Setting CVar [[r.MotionBlurQuality:4]]
[2021.12.09-07.49.32:450][  0]LogConfig: Setting CVar [[r.AmbientOcclusionMipLevelFactor:0.4]]
[2021.12.09-07.49.32:450][  0]LogConfig: Setting CVar [[r.AmbientOcclusionMaxQuality:100]]
[2021.12.09-07.49.32:450][  0]LogConfig: Setting CVar [[r.AmbientOcclusionLevels:-1]]
[2021.12.09-07.49.32:450][  0]LogConfig: Setting CVar [[r.AmbientOcclusionRadiusScale:1.0]]
[2021.12.09-07.49.32:450][  0]LogConfig: Setting CVar [[r.DepthOfFieldQuality:2]]
[2021.12.09-07.49.32:450][  0]LogConfig: Setting CVar [[r.RenderTargetPoolMin:400]]
[2021.12.09-07.49.32:450][  0]LogConfig: Setting CVar [[r.LensFlareQuality:2]]
[2021.12.09-07.49.32:450][  0]LogConfig: Setting CVar [[r.SceneColorFringeQuality:1]]
[2021.12.09-07.49.32:450][  0]LogConfig: Setting CVar [[r.EyeAdaptationQuality:2]]
[2021.12.09-07.49.32:450][  0]LogConfig: Setting CVar [[r.BloomQuality:5]]
[2021.12.09-07.49.32:450][  0]LogConfig: Setting CVar [[r.FastBlurThreshold:100]]
[2021.12.09-07.49.32:451][  0]LogConfig: Setting CVar [[r.Upscale.Quality:3]]
[2021.12.09-07.49.32:451][  0]LogConfig: Setting CVar [[r.Tonemapper.GrainQuantization:1]]
[2021.12.09-07.49.32:451][  0]LogConfig: Setting CVar [[r.LightShaftQuality:1]]
[2021.12.09-07.49.32:451][  0]LogConfig: Setting CVar [[r.Filter.SizeScale:1]]
[2021.12.09-07.49.32:451][  0]LogConfig: Setting CVar [[r.Tonemapper.Quality:5]]
[2021.12.09-07.49.32:451][  0]LogConfig: Setting CVar [[r.DOF.Gather.AccumulatorQuality:1        ; higher gathering accumulator quality]]
[2021.12.09-07.49.32:451][  0]LogConfig: Setting CVar [[r.DOF.Gather.PostfilterMethod:1          ; Median3x3 postfilering method]]
[2021.12.09-07.49.32:451][  0]LogConfig: Setting CVar [[r.DOF.Gather.EnableBokehSettings:0       ; no bokeh simulation when gathering]]
[2021.12.09-07.49.32:451][  0]LogConfig: Setting CVar [[r.DOF.Gather.RingCount:4                 ; medium number of samples when gathering]]
[2021.12.09-07.49.32:451][  0]LogConfig: Setting CVar [[r.DOF.Scatter.ForegroundCompositing:1    ; additive foreground scattering]]
[2021.12.09-07.49.32:451][  0]LogConfig: Setting CVar [[r.DOF.Scatter.BackgroundCompositing:2    ; additive background scattering]]
[2021.12.09-07.49.32:451][  0]LogConfig: Setting CVar [[r.DOF.Scatter.EnableBokehSettings:1      ; bokeh simulation when scattering]]
[2021.12.09-07.49.32:451][  0]LogConfig: Setting CVar [[r.DOF.Scatter.MaxSpriteRatio:0.1         ; only a maximum of 10% of scattered bokeh]]
[2021.12.09-07.49.32:451][  0]LogConfig: Setting CVar [[r.DOF.Recombine.Quality:1                ; cheap slight out of focus]]
[2021.12.09-07.49.32:451][  0]LogConfig: Setting CVar [[r.DOF.Recombine.EnableBokehSettings:0    ; no bokeh simulation on slight out of focus]]
[2021.12.09-07.49.32:451][  0]LogConfig: Setting CVar [[r.DOF.TemporalAAQuality:1                ; more stable temporal accumulation]]
[2021.12.09-07.49.32:451][  0]LogConfig: Setting CVar [[r.DOF.Kernel.MaxForegroundRadius:0.025]]
[2021.12.09-07.49.32:451][  0]LogConfig: Setting CVar [[r.DOF.Kernel.MaxBackgroundRadius:0.025]]
[2021.12.09-07.49.32:451][  0]LogConfig: Applying CVar settings from Section [TextureQuality@3] File [D:/uni/year 3/3D VR project/The actual game/DAT-Project/DAT-Project/EXPVR/Saved/Config/Windows/Scalability.ini]
[2021.12.09-07.49.32:451][  0]LogConfig: Setting CVar [[r.Streaming.MipBias:0]]
[2021.12.09-07.49.32:451][  0]LogConfig: Setting CVar [[r.Streaming.AmortizeCPUToGPUCopy:0]]
[2021.12.09-07.49.32:451][  0]LogConfig: Setting CVar [[r.Streaming.MaxNumTexturesToStreamPerFrame:0]]
[2021.12.09-07.49.32:451][  0]LogConfig: Setting CVar [[r.Streaming.Boost:1]]
[2021.12.09-07.49.32:451][  0]LogConfig: Setting CVar [[r.MaxAnisotropy:8]]
[2021.12.09-07.49.32:451][  0]LogConfig: Setting CVar [[r.VT.MaxAnisotropy:8]]
[2021.12.09-07.49.32:451][  0]LogConfig: Setting CVar [[r.Streaming.LimitPoolSizeToVRAM:0]]
[2021.12.09-07.49.32:451][  0]LogConfig: Setting CVar [[r.Streaming.PoolSize:1000]]
[2021.12.09-07.49.32:451][  0]LogConfig: Setting CVar [[r.Streaming.MaxEffectiveScreenSize:0]]
[2021.12.09-07.49.32:451][  0]LogConfig: Applying CVar settings from Section [EffectsQuality@3] File [D:/uni/year 3/3D VR project/The actual game/DAT-Project/DAT-Project/EXPVR/Saved/Config/Windows/Scalability.ini]
[2021.12.09-07.49.32:451][  0]LogConfig: Setting CVar [[r.TranslucencyLightingVolumeDim:64]]
[2021.12.09-07.49.32:451][  0]LogConfig: Setting CVar [[r.RefractionQuality:2]]
[2021.12.09-07.49.32:451][  0]LogConfig: Setting CVar [[r.SSR.Quality:3]]
[2021.12.09-07.49.32:451][  0]LogConfig: Setting CVar [[r.SSR.HalfResSceneColor:0]]
[2021.12.09-07.49.32:451][  0]LogConfig: Setting CVar [[r.SceneColorFormat:4]]
[2021.12.09-07.49.32:451][  0]LogConfig: Setting CVar [[r.DetailMode:2]]
[2021.12.09-07.49.32:451][  0]LogConfig: Setting CVar [[r.TranslucencyVolumeBlur:1]]
[2021.12.09-07.49.32:451][  0]LogConfig: Setting CVar [[r.MaterialQualityLevel:1 ; High quality]]
[2021.12.09-07.49.32:451][  0]LogConfig: Setting CVar [[r.AnisotropicMaterials:1]]
[2021.12.09-07.49.32:451][  0]LogConfig: Setting CVar [[r.SSS.Scale:1]]
[2021.12.09-07.49.32:451][  0]LogConfig: Setting CVar [[r.SSS.SampleSet:2]]
[2021.12.09-07.49.32:451][  0]LogConfig: Setting CVar [[r.SSS.Quality:1]]
[2021.12.09-07.49.32:451][  0]LogConfig: Setting CVar [[r.SSS.HalfRes:0]]
[2021.12.09-07.49.32:451][  0]LogConfig: Setting CVar [[r.SSGI.Quality:3]]
[2021.12.09-07.49.32:451][  0]LogConfig: Setting CVar [[r.EmitterSpawnRateScale:1.0]]
[2021.12.09-07.49.32:451][  0]LogConfig: Setting CVar [[r.ParticleLightQuality:2]]
[2021.12.09-07.49.32:451][  0]LogConfig: Setting CVar [[r.SkyAtmosphere.AerialPerspectiveLUT.FastApplyOnOpaque:1 ; Always have FastSkyLUT 1 in this case to avoid wrong sky]]
[2021.12.09-07.49.32:451][  0]LogConfig: Setting CVar [[r.SkyAtmosphere.AerialPerspectiveLUT.SampleCountMaxPerSlice:4]]
[2021.12.09-07.49.32:451][  0]LogConfig: Setting CVar [[r.SkyAtmosphere.AerialPerspectiveLUT.DepthResolution:16.0]]
[2021.12.09-07.49.32:451][  0]LogConfig: Setting CVar [[r.SkyAtmosphere.FastSkyLUT:1]]
[2021.12.09-07.49.32:451][  0]LogConfig: Setting CVar [[r.SkyAtmosphere.FastSkyLUT.SampleCountMin:4.0]]
[2021.12.09-07.49.32:451][  0]LogConfig: Setting CVar [[r.SkyAtmosphere.FastSkyLUT.SampleCountMax:128.0]]
[2021.12.09-07.49.32:451][  0]LogConfig: Setting CVar [[r.SkyAtmosphere.SampleCountMin:4.0]]
[2021.12.09-07.49.32:451][  0]LogConfig: Setting CVar [[r.SkyAtmosphere.SampleCountMax:128.0]]
[2021.12.09-07.49.32:451][  0]LogConfig: Setting CVar [[r.SkyAtmosphere.TransmittanceLUT.UseSmallFormat:0]]
[2021.12.09-07.49.32:451][  0]LogConfig: Setting CVar [[r.SkyAtmosphere.TransmittanceLUT.SampleCount:10.0]]
[2021.12.09-07.49.32:451][  0]LogConfig: Setting CVar [[r.SkyAtmosphere.MultiScatteringLUT.SampleCount:15.0]]
[2021.12.09-07.49.32:451][  0]LogConfig: Setting CVar [[r.SkyLight.RealTimeReflectionCapture:1]]
[2021.12.09-07.49.32:451][  0]LogConfig: Setting CVar [[fx.Niagara.QualityLevel:3]]
[2021.12.09-07.49.32:451][  0]LogConfig: Applying CVar settings from Section [FoliageQuality@3] File [D:/uni/year 3/3D VR project/The actual game/DAT-Project/DAT-Project/EXPVR/Saved/Config/Windows/Scalability.ini]
[2021.12.09-07.49.32:451][  0]LogConfig: Setting CVar [[foliage.DensityScale:1.0]]
[2021.12.09-07.49.32:451][  0]LogConfig: Setting CVar [[grass.DensityScale:1.0]]
[2021.12.09-07.49.32:451][  0]LogConfig: Applying CVar settings from Section [ShadingQuality@3] File [D:/uni/year 3/3D VR project/The actual game/DAT-Project/DAT-Project/EXPVR/Saved/Config/Windows/Scalability.ini]
[2021.12.09-07.49.32:451][  0]LogConfig: Setting CVar [[r.HairStrands.SkyLighting.IntegrationType:2]]
[2021.12.09-07.49.32:451][  0]LogConfig: Setting CVar [[r.HairStrands.SkyAO.SampleCount:4]]
[2021.12.09-07.49.32:451][  0]LogConfig: Setting CVar [[r.HairStrands.Visibility.MSAA.SamplePerPixel:4]]
[2021.12.09-07.49.32:451][  0]LogConfig: Setting CVar [[r.HairStrands.Interpolation.UseSingleGuide:0]]
[2021.12.09-07.49.32:451][  0]LogInit: Selected Device Profile: [Windows]
[2021.12.09-07.49.32:451][  0]LogInit: Applying CVar settings loaded from the selected device profile: [Windows]
[2021.12.09-07.49.32:451][  0]LogHAL: Display: Platform has ~ 32 GB [34301628416 / 34359738368 / 32], which maps to Largest [LargestMinGB=32, LargerMinGB=12, DefaultMinGB=8, SmallerMinGB=6, SmallestMinGB=0)
[2021.12.09-07.49.32:451][  0]LogInit: Going up to parent DeviceProfile []
[2021.12.09-07.49.32:451][  0]LogConfig: Applying CVar settings from Section [ViewDistanceQuality@3] File [D:/uni/year 3/3D VR project/The actual game/DAT-Project/DAT-Project/EXPVR/Saved/Config/Windows/Scalability.ini]
[2021.12.09-07.49.32:451][  0]LogConfig: Setting CVar [[r.SkeletalMeshLODBias:0]]
[2021.12.09-07.49.32:451][  0]LogConfig: Setting CVar [[r.ViewDistanceScale:1.0]]
[2021.12.09-07.49.32:451][  0]LogConfig: Applying CVar settings from Section [AntiAliasingQuality@3] File [D:/uni/year 3/3D VR project/The actual game/DAT-Project/DAT-Project/EXPVR/Saved/Config/Windows/Scalability.ini]
[2021.12.09-07.49.32:451][  0]LogConfig: Setting CVar [[r.PostProcessAAQuality:4]]
[2021.12.09-07.49.32:451][  0]LogConfig: Applying CVar settings from Section [ShadowQuality@3] File [D:/uni/year 3/3D VR project/The actual game/DAT-Project/DAT-Project/EXPVR/Saved/Config/Windows/Scalability.ini]
[2021.12.09-07.49.32:451][  0]LogConfig: Setting CVar [[r.LightFunctionQuality:1]]
[2021.12.09-07.49.32:451][  0]LogConfig: Setting CVar [[r.ShadowQuality:5]]
[2021.12.09-07.49.32:451][  0]LogConfig: Setting CVar [[r.Shadow.CSM.MaxCascades:10]]
[2021.12.09-07.49.32:451][  0]LogConfig: Setting CVar [[r.Shadow.MaxResolution:2048]]
[2021.12.09-07.49.32:451][  0]LogConfig: Setting CVar [[r.Shadow.MaxCSMResolution:2048]]
[2021.12.09-07.49.32:451][  0]LogConfig: Setting CVar [[r.Shadow.RadiusThreshold:0.01]]
[2021.12.09-07.49.32:451][  0]LogConfig: Setting CVar [[r.Shadow.DistanceScale:1.0]]
[2021.12.09-07.49.32:451][  0]LogConfig: Setting CVar [[r.Shadow.CSM.TransitionScale:1.0]]
[2021.12.09-07.49.32:451][  0]LogConfig: Setting CVar [[r.Shadow.PreShadowResolutionFactor:1.0]]
[2021.12.09-07.49.32:451][  0]LogConfig: Setting CVar [[r.DistanceFieldShadowing:1]]
[2021.12.09-07.49.32:452][  0]LogConfig: Setting CVar [[r.DistanceFieldAO:1]]
[2021.12.09-07.49.32:452][  0]LogConfig: Setting CVar [[r.AOQuality:2]]
[2021.12.09-07.49.32:452][  0]LogConfig: Setting CVar [[r.VolumetricFog:1]]
[2021.12.09-07.49.32:452][  0]LogConfig: Setting CVar [[r.VolumetricFog.GridPixelSize:8]]
[2021.12.09-07.49.32:452][  0]LogConfig: Setting CVar [[r.VolumetricFog.GridSizeZ:128]]
[2021.12.09-07.49.32:452][  0]LogConfig: Setting CVar [[r.VolumetricFog.HistoryMissSupersampleCount:4]]
[2021.12.09-07.49.32:452][  0]LogConfig: Setting CVar [[r.LightMaxDrawDistanceScale:1]]
[2021.12.09-07.49.32:452][  0]LogConfig: Setting CVar [[r.CapsuleShadows:1]]
[2021.12.09-07.49.32:452][  0]LogConfig: Applying CVar settings from Section [PostProcessQuality@3] File [D:/uni/year 3/3D VR project/The actual game/DAT-Project/DAT-Project/EXPVR/Saved/Config/Windows/Scalability.ini]
[2021.12.09-07.49.32:452][  0]LogConfig: Setting CVar [[r.MotionBlurQuality:4]]
[2021.12.09-07.49.32:452][  0]LogConfig: Setting CVar [[r.AmbientOcclusionMipLevelFactor:0.4]]
[2021.12.09-07.49.32:452][  0]LogConfig: Setting CVar [[r.AmbientOcclusionMaxQuality:100]]
[2021.12.09-07.49.32:452][  0]LogConfig: Setting CVar [[r.AmbientOcclusionLevels:-1]]
[2021.12.09-07.49.32:452][  0]LogConfig: Setting CVar [[r.AmbientOcclusionRadiusScale:1.0]]
[2021.12.09-07.49.32:452][  0]LogConfig: Setting CVar [[r.DepthOfFieldQuality:2]]
[2021.12.09-07.49.32:452][  0]LogConfig: Setting CVar [[r.RenderTargetPoolMin:400]]
[2021.12.09-07.49.32:452][  0]LogConfig: Setting CVar [[r.LensFlareQuality:2]]
[2021.12.09-07.49.32:452][  0]LogConfig: Setting CVar [[r.SceneColorFringeQuality:1]]
[2021.12.09-07.49.32:452][  0]LogConfig: Setting CVar [[r.EyeAdaptationQuality:2]]
[2021.12.09-07.49.32:452][  0]LogConfig: Setting CVar [[r.BloomQuality:5]]
[2021.12.09-07.49.32:452][  0]LogConfig: Setting CVar [[r.FastBlurThreshold:100]]
[2021.12.09-07.49.32:452][  0]LogConfig: Setting CVar [[r.Upscale.Quality:3]]
[2021.12.09-07.49.32:452][  0]LogConfig: Setting CVar [[r.Tonemapper.GrainQuantization:1]]
[2021.12.09-07.49.32:452][  0]LogConfig: Setting CVar [[r.LightShaftQuality:1]]
[2021.12.09-07.49.32:452][  0]LogConfig: Setting CVar [[r.Filter.SizeScale:1]]
[2021.12.09-07.49.32:452][  0]LogConfig: Setting CVar [[r.Tonemapper.Quality:5]]
[2021.12.09-07.49.32:452][  0]LogConfig: Setting CVar [[r.DOF.Gather.AccumulatorQuality:1        ; higher gathering accumulator quality]]
[2021.12.09-07.49.32:452][  0]LogConfig: Setting CVar [[r.DOF.Gather.PostfilterMethod:1          ; Median3x3 postfilering method]]
[2021.12.09-07.49.32:452][  0]LogConfig: Setting CVar [[r.DOF.Gather.EnableBokehSettings:0       ; no bokeh simulation when gathering]]
[2021.12.09-07.49.32:452][  0]LogConfig: Setting CVar [[r.DOF.Gather.RingCount:4                 ; medium number of samples when gathering]]
[2021.12.09-07.49.32:452][  0]LogConfig: Setting CVar [[r.DOF.Scatter.ForegroundCompositing:1    ; additive foreground scattering]]
[2021.12.09-07.49.32:452][  0]LogConfig: Setting CVar [[r.DOF.Scatter.BackgroundCompositing:2    ; additive background scattering]]
[2021.12.09-07.49.32:452][  0]LogConfig: Setting CVar [[r.DOF.Scatter.EnableBokehSettings:1      ; bokeh simulation when scattering]]
[2021.12.09-07.49.32:452][  0]LogConfig: Setting CVar [[r.DOF.Scatter.MaxSpriteRatio:0.1         ; only a maximum of 10% of scattered bokeh]]
[2021.12.09-07.49.32:452][  0]LogConfig: Setting CVar [[r.DOF.Recombine.Quality:1                ; cheap slight out of focus]]
[2021.12.09-07.49.32:452][  0]LogConfig: Setting CVar [[r.DOF.Recombine.EnableBokehSettings:0    ; no bokeh simulation on slight out of focus]]
[2021.12.09-07.49.32:452][  0]LogConfig: Setting CVar [[r.DOF.TemporalAAQuality:1                ; more stable temporal accumulation]]
[2021.12.09-07.49.32:452][  0]LogConfig: Setting CVar [[r.DOF.Kernel.MaxForegroundRadius:0.025]]
[2021.12.09-07.49.32:452][  0]LogConfig: Setting CVar [[r.DOF.Kernel.MaxBackgroundRadius:0.025]]
[2021.12.09-07.49.32:452][  0]LogConfig: Applying CVar settings from Section [TextureQuality@3] File [D:/uni/year 3/3D VR project/The actual game/DAT-Project/DAT-Project/EXPVR/Saved/Config/Windows/Scalability.ini]
[2021.12.09-07.49.32:452][  0]LogConfig: Setting CVar [[r.Streaming.MipBias:0]]
[2021.12.09-07.49.32:452][  0]LogConfig: Setting CVar [[r.Streaming.AmortizeCPUToGPUCopy:0]]
[2021.12.09-07.49.32:452][  0]LogConfig: Setting CVar [[r.Streaming.MaxNumTexturesToStreamPerFrame:0]]
[2021.12.09-07.49.32:452][  0]LogConfig: Setting CVar [[r.Streaming.Boost:1]]
[2021.12.09-07.49.32:452][  0]LogConfig: Setting CVar [[r.MaxAnisotropy:8]]
[2021.12.09-07.49.32:452][  0]LogConfig: Setting CVar [[r.VT.MaxAnisotropy:8]]
[2021.12.09-07.49.32:452][  0]LogConfig: Setting CVar [[r.Streaming.LimitPoolSizeToVRAM:0]]
[2021.12.09-07.49.32:452][  0]LogConfig: Setting CVar [[r.Streaming.PoolSize:1000]]
[2021.12.09-07.49.32:452][  0]LogConfig: Setting CVar [[r.Streaming.MaxEffectiveScreenSize:0]]
[2021.12.09-07.49.32:452][  0]LogConfig: Applying CVar settings from Section [EffectsQuality@3] File [D:/uni/year 3/3D VR project/The actual game/DAT-Project/DAT-Project/EXPVR/Saved/Config/Windows/Scalability.ini]
[2021.12.09-07.49.32:452][  0]LogConfig: Setting CVar [[r.TranslucencyLightingVolumeDim:64]]
[2021.12.09-07.49.32:452][  0]LogConfig: Setting CVar [[r.RefractionQuality:2]]
[2021.12.09-07.49.32:452][  0]LogConfig: Setting CVar [[r.SSR.Quality:3]]
[2021.12.09-07.49.32:452][  0]LogConfig: Setting CVar [[r.SSR.HalfResSceneColor:0]]
[2021.12.09-07.49.32:452][  0]LogConfig: Setting CVar [[r.SceneColorFormat:4]]
[2021.12.09-07.49.32:452][  0]LogConfig: Setting CVar [[r.DetailMode:2]]
[2021.12.09-07.49.32:452][  0]LogConfig: Setting CVar [[r.TranslucencyVolumeBlur:1]]
[2021.12.09-07.49.32:452][  0]LogConfig: Setting CVar [[r.MaterialQualityLevel:1 ; High quality]]
[2021.12.09-07.49.32:452][  0]LogConfig: Setting CVar [[r.AnisotropicMaterials:1]]
[2021.12.09-07.49.32:452][  0]LogConfig: Setting CVar [[r.SSS.Scale:1]]
[2021.12.09-07.49.32:452][  0]LogConfig: Setting CVar [[r.SSS.SampleSet:2]]
[2021.12.09-07.49.32:452][  0]LogConfig: Setting CVar [[r.SSS.Quality:1]]
[2021.12.09-07.49.32:452][  0]LogConfig: Setting CVar [[r.SSS.HalfRes:0]]
[2021.12.09-07.49.32:452][  0]LogConfig: Setting CVar [[r.SSGI.Quality:3]]
[2021.12.09-07.49.32:452][  0]LogConfig: Setting CVar [[r.EmitterSpawnRateScale:1.0]]
[2021.12.09-07.49.32:452][  0]LogConfig: Setting CVar [[r.ParticleLightQuality:2]]
[2021.12.09-07.49.32:452][  0]LogConfig: Setting CVar [[r.SkyAtmosphere.AerialPerspectiveLUT.FastApplyOnOpaque:1 ; Always have FastSkyLUT 1 in this case to avoid wrong sky]]
[2021.12.09-07.49.32:452][  0]LogConfig: Setting CVar [[r.SkyAtmosphere.AerialPerspectiveLUT.SampleCountMaxPerSlice:4]]
[2021.12.09-07.49.32:452][  0]LogConfig: Setting CVar [[r.SkyAtmosphere.AerialPerspectiveLUT.DepthResolution:16.0]]
[2021.12.09-07.49.32:452][  0]LogConfig: Setting CVar [[r.SkyAtmosphere.FastSkyLUT:1]]
[2021.12.09-07.49.32:452][  0]LogConfig: Setting CVar [[r.SkyAtmosphere.FastSkyLUT.SampleCountMin:4.0]]
[2021.12.09-07.49.32:452][  0]LogConfig: Setting CVar [[r.SkyAtmosphere.FastSkyLUT.SampleCountMax:128.0]]
[2021.12.09-07.49.32:452][  0]LogConfig: Setting CVar [[r.SkyAtmosphere.SampleCountMin:4.0]]
[2021.12.09-07.49.32:452][  0]LogConfig: Setting CVar [[r.SkyAtmosphere.SampleCountMax:128.0]]
[2021.12.09-07.49.32:452][  0]LogConfig: Setting CVar [[r.SkyAtmosphere.TransmittanceLUT.UseSmallFormat:0]]
[2021.12.09-07.49.32:452][  0]LogConfig: Setting CVar [[r.SkyAtmosphere.TransmittanceLUT.SampleCount:10.0]]
[2021.12.09-07.49.32:452][  0]LogConfig: Setting CVar [[r.SkyAtmosphere.MultiScatteringLUT.SampleCount:15.0]]
[2021.12.09-07.49.32:452][  0]LogConfig: Setting CVar [[r.SkyLight.RealTimeReflectionCapture:1]]
[2021.12.09-07.49.32:452][  0]LogConfig: Setting CVar [[fx.Niagara.QualityLevel:3]]
[2021.12.09-07.49.32:452][  0]LogConfig: Applying CVar settings from Section [FoliageQuality@3] File [D:/uni/year 3/3D VR project/The actual game/DAT-Project/DAT-Project/EXPVR/Saved/Config/Windows/Scalability.ini]
[2021.12.09-07.49.32:452][  0]LogConfig: Setting CVar [[foliage.DensityScale:1.0]]
[2021.12.09-07.49.32:452][  0]LogConfig: Setting CVar [[grass.DensityScale:1.0]]
[2021.12.09-07.49.32:452][  0]LogConfig: Applying CVar settings from Section [ShadingQuality@3] File [D:/uni/year 3/3D VR project/The actual game/DAT-Project/DAT-Project/EXPVR/Saved/Config/Windows/Scalability.ini]
[2021.12.09-07.49.32:452][  0]LogConfig: Setting CVar [[r.HairStrands.SkyLighting.IntegrationType:2]]
[2021.12.09-07.49.32:452][  0]LogConfig: Setting CVar [[r.HairStrands.SkyAO.SampleCount:4]]
[2021.12.09-07.49.32:452][  0]LogConfig: Setting CVar [[r.HairStrands.Visibility.MSAA.SamplePerPixel:4]]
[2021.12.09-07.49.32:452][  0]LogConfig: Setting CVar [[r.HairStrands.Interpolation.UseSingleGuide:0]]
[2021.12.09-07.49.32:452][  0]LogConfig: Applying CVar settings from Section [Startup] File [../../../Engine/Config/ConsoleVariables.ini]
[2021.12.09-07.49.32:453][  0]LogConfig: Setting CVar [[net.UseAdaptiveNetUpdateFrequency:0]]
[2021.12.09-07.49.32:453][  0]LogConfig: Setting CVar [[p.chaos.AllowCreatePhysxBodies:1]]
[2021.12.09-07.49.32:453][  0]LogConfig: Setting CVar [[fx.SkipVectorVMBackendOptimizations:1]]
[2021.12.09-07.49.32:453][  0]LogConfig: Applying CVar settings from Section [ConsoleVariables] File [D:/uni/year 3/3D VR project/The actual game/DAT-Project/DAT-Project/EXPVR/Saved/Config/Windows/Engine.ini]
[2021.12.09-07.49.32:453][  0]LogConfig: Applying CVar settings from Section [ConsoleVariables] File [D:/uni/year 3/3D VR project/The actual game/DAT-Project/DAT-Project/EXPVR/Saved/Config/Windows/Editor.ini]
[2021.12.09-07.49.32:453][  0]LogInit: Computer: DESKTOP-UCBGAU3
[2021.12.09-07.49.32:453][  0]LogInit: User: fukin
[2021.12.09-07.49.32:453][  0]LogInit: CPU Page size=4096, Cores=6
[2021.12.09-07.49.32:453][  0]LogInit: High frequency timer resolution =10.000000 MHz
[2021.12.09-07.49.32:453][  0]LogMemory: Memory total: Physical=31.9GB (32GB approx)
[2021.12.09-07.49.32:453][  0]LogMemory: Platform Memory Stats for Windows
[2021.12.09-07.49.32:453][  0]LogMemory: Process Physical Memory: 147.80 MB used, 147.80 MB peak
[2021.12.09-07.49.32:453][  0]LogMemory: Process Virtual Memory: 132.52 MB used, 132.52 MB peak
[2021.12.09-07.49.32:453][  0]LogMemory: Physical Memory: 16432.57 MB used,  16280.01 MB free, 32712.58 MB total
[2021.12.09-07.49.32:453][  0]LogMemory: Virtual Memory: 134203528.00 MB used,  14198.18 MB free, 134217728.00 MB total
[2021.12.09-07.49.32:457][  0]LogWindows: WindowsPlatformFeatures enabled
[2021.12.09-07.49.32:492][  0]LogInit: Physics initialised using underlying interface: PhysX
[2021.12.09-07.49.32:493][  0]LogInit: Using OS detected language (en-US).
[2021.12.09-07.49.32:493][  0]LogInit: Using OS detected locale (en-150).
[2021.12.09-07.49.32:495][  0]LogTextLocalizationManager: No specific localization for 'en-US' exists, so the 'en' localization will be used.
[2021.12.09-07.49.32:686][  0]LogWindowsTextInputMethodSystem: Display: IME system deactivated.
[2021.12.09-07.49.32:709][  0]LogSlate: New Slate User Created.  User Index 0, Is Virtual User: 0
[2021.12.09-07.49.32:709][  0]LogSlate: Slate User Registered.  User Index 0, Is Virtual User: 0
[2021.12.09-07.49.32:729][  0]LogD3D11RHI: Loaded GFSDK_Aftermath_Lib.x64.dll
[2021.12.09-07.49.32:731][  0]LogHMD: Failed to initialize OpenVR with code 110
[2021.12.09-07.49.32:731][  0]LogD3D11RHI: D3D11 min allowed feature level: 11_0
[2021.12.09-07.49.32:731][  0]LogD3D11RHI: D3D11 max allowed feature level: 11_0
[2021.12.09-07.49.32:731][  0]LogD3D11RHI: D3D11 adapters:
[2021.12.09-07.49.32:815][  0]LogD3D11RHI:    0. 'NVIDIA GeForce GTX 1070' (Feature Level 11_0)
[2021.12.09-07.49.32:815][  0]LogD3D11RHI:       8088/0/16356 MB DedicatedVideo/DedicatedSystem/SharedSystem, Outputs:2, VendorId:0x10de
[2021.12.09-07.49.32:817][  0]LogD3D11RHI:    1. 'Microsoft Basic Render Driver' (Feature Level 11_0)
[2021.12.09-07.49.32:817][  0]LogD3D11RHI:       0/0/16356 MB DedicatedVideo/DedicatedSystem/SharedSystem, Outputs:0, VendorId:0x1414
[2021.12.09-07.49.32:817][  0]LogD3D11RHI: Chosen D3D11 Adapter:
[2021.12.09-07.49.32:817][  0]LogD3D11RHI:     Description : NVIDIA GeForce GTX 1070
[2021.12.09-07.49.32:817][  0]LogD3D11RHI:     VendorId    : 10de
[2021.12.09-07.49.32:817][  0]LogD3D11RHI:     DeviceId    : 1b81
[2021.12.09-07.49.32:817][  0]LogD3D11RHI:     SubSysId    : 37491458
[2021.12.09-07.49.32:817][  0]LogD3D11RHI:     Revision    : 00a1
[2021.12.09-07.49.32:817][  0]LogD3D11RHI:     DedicatedVideoMemory : 8480882688 bytes
[2021.12.09-07.49.32:817][  0]LogD3D11RHI:     DedicatedSystemMemory : 0 bytes
[2021.12.09-07.49.32:817][  0]LogD3D11RHI:     SharedSystemMemory : 17150814208 bytes
[2021.12.09-07.49.32:817][  0]LogD3D11RHI:     AdapterLuid : 0 47808
[2021.12.09-07.49.32:822][  0]LogD3D11RHI: Creating new Direct3DDevice
[2021.12.09-07.49.32:822][  0]LogD3D11RHI:     GPU DeviceId: 0x1b81 (for the marketing name, search the web for "GPU Device Id")
[2021.12.09-07.49.32:822][  0]LogWindows: EnumDisplayDevices:
[2021.12.09-07.49.32:823][  0]LogWindows:    0. 'NVIDIA GeForce GTX 1070' (P:1 D:1)
[2021.12.09-07.49.32:823][  0]LogWindows:    1. 'NVIDIA GeForce GTX 1070' (P:0 D:1)
[2021.12.09-07.49.32:823][  0]LogWindows:    2. 'NVIDIA GeForce GTX 1070' (P:0 D:0)
[2021.12.09-07.49.32:823][  0]LogWindows:    3. 'NVIDIA GeForce GTX 1070' (P:0 D:0)
[2021.12.09-07.49.32:823][  0]LogWindows: DebugString: FoundDriverCount:4 
[2021.12.09-07.49.32:823][  0]LogD3D11RHI:     Adapter Name: NVIDIA GeForce GTX 1070
[2021.12.09-07.49.32:823][  0]LogD3D11RHI:   Driver Version: 496.49 (internal:30.0.14.9649, unified:496.49)
[2021.12.09-07.49.32:823][  0]LogD3D11RHI:      Driver Date: 10-20-2021
[2021.12.09-07.49.32:823][  0]LogRHI: Texture pool is 5661 MB (70% of 8088 MB)
[2021.12.09-07.49.32:823][  0]LogD3D11RHI: Creating D3DDevice using adapter:
[2021.12.09-07.49.32:823][  0]LogD3D11RHI:     Description : NVIDIA GeForce GTX 1070
[2021.12.09-07.49.32:823][  0]LogD3D11RHI:     VendorId    : 10de
[2021.12.09-07.49.32:823][  0]LogD3D11RHI:     DeviceId    : 1b81
[2021.12.09-07.49.32:823][  0]LogD3D11RHI:     SubSysId    : 37491458
[2021.12.09-07.49.32:823][  0]LogD3D11RHI:     Revision    : 00a1
[2021.12.09-07.49.32:823][  0]LogD3D11RHI:     DedicatedVideoMemory : 8480882688 bytes
[2021.12.09-07.49.32:823][  0]LogD3D11RHI:     DedicatedSystemMemory : 0 bytes
[2021.12.09-07.49.32:823][  0]LogD3D11RHI:     SharedSystemMemory : 17150814208 bytes
[2021.12.09-07.49.32:823][  0]LogD3D11RHI:     AdapterLuid : 0 47808
[2021.12.09-07.49.32:872][  0]LogD3D11RHI: RHI has support for 64 bit atomics
[2021.12.09-07.49.32:872][  0]LogD3D11RHI: Async texture creation enabled
[2021.12.09-07.49.32:872][  0]LogD3D11RHI: Array index from any shader is supported
[2021.12.09-07.49.32:895][  0]LogD3D11RHI: GPU Timing Frequency: 1000.000000 (Debug: 2 1)
[2021.12.09-07.49.32:917][  0]LogRHI: GeForceNow SDK initialized: 1
[2021.12.09-07.49.33:156][  0]LogTargetPlatformManager: Display: Loaded TargetPlatform 'WindowsNoEditor'
[2021.12.09-07.49.33:160][  0]LogTargetPlatformManager: Display: Loaded TargetPlatform 'Windows'
[2021.12.09-07.49.33:164][  0]LogTargetPlatformManager: Display: Loaded TargetPlatform 'WindowsClient'
[2021.12.09-07.49.33:167][  0]LogTargetPlatformManager: Display: Loaded TargetPlatform 'WindowsServer'
[2021.12.09-07.49.33:167][  0]LogTargetPlatformManager: Display: Building Assets For Windows
[2021.12.09-07.49.33:173][  0]LogAudioDebug: Display: Lib vorbis DLL was dynamically loaded.
[2021.12.09-07.49.33:194][  0]LogTextureFormatOodle: Display: Oodle Texture 2.9.0 init RDO Off
[2021.12.09-07.49.33:214][  0]LogRendererCore: Ray tracing is disabled. Reason: r.RayTracing=0.
[2021.12.09-07.49.33:215][  0]LogShaderCompilers: Guid format shader working directory is -43 characters bigger than the processId version (../../../../../../uni/year 3/3D VR project/The actual game/DAT-Project/DAT-Project/EXPVR/Intermediate/Shaders/WorkingDirectory/13816/).
[2021.12.09-07.49.33:215][  0]LogShaderCompilers: Cleaned the shader compiler working directory 'C:/Users/fukin/AppData/Local/Temp/UnrealShaderWorkingDir/36EC064C4CAD2C6ABE42EE93B3F04B51/'.
[2021.12.09-07.49.33:215][  0]LogXGEController: Cannot use XGE Controller as Incredibuild is not installed on this machine.
[2021.12.09-07.49.33:215][  0]LogShaderCompilers: Cannot use XGE Shader Compiler as Incredibuild is not installed on this machine.
[2021.12.09-07.49.33:215][  0]LogShaderCompilers: Display: Using Local Shader Compiler.
[2021.12.09-07.49.33:840][  0]LogDerivedDataCache: Display: Max Cache Size: 512 MB
[2021.12.09-07.49.33:887][  0]LogDerivedDataCache: Loaded boot cache 0.05s 113MB C:/Users/fukin/AppData/Local/UnrealEngine/4.27/DerivedDataCache/Boot.ddc.
[2021.12.09-07.49.33:887][  0]LogDerivedDataCache: Display: Loaded Boot cache: C:/Users/fukin/AppData/Local/UnrealEngine/4.27/DerivedDataCache/Boot.ddc
[2021.12.09-07.49.33:889][  0]LogDerivedDataCache: FDerivedDataBackendGraph:  Pak pak cache file ../../../../../../uni/year 3/3D VR project/The actual game/DAT-Project/DAT-Project/EXPVR/DerivedDataCache/DDC.ddp not found, will not use a pak cache.
[2021.12.09-07.49.33:889][  0]LogDerivedDataCache: Unable to find inner node Pak for hierarchical cache Hierarchy.
[2021.12.09-07.49.33:889][  0]LogDerivedDataCache: FDerivedDataBackendGraph:  CompressedPak pak cache file ../../../../../../uni/year 3/3D VR project/The actual game/DAT-Project/DAT-Project/EXPVR/DerivedDataCache/Compressed.ddp not found, will not use a pak cache.
[2021.12.09-07.49.33:889][  0]LogDerivedDataCache: Unable to find inner node CompressedPak for hierarchical cache Hierarchy.
[2021.12.09-07.49.33:904][  0]LogDerivedDataCache: Display: Pak cache opened for reading ../../../Engine/DerivedDataCache/Compressed.ddp.
[2021.12.09-07.49.33:904][  0]LogDerivedDataCache: FDerivedDataBackendGraph:  EnterprisePak pak cache file ../../../Enterprise/DerivedDataCache/Compressed.ddp not found, will not use a pak cache.
[2021.12.09-07.49.33:904][  0]LogDerivedDataCache: Unable to find inner node EnterprisePak for hierarchical cache Hierarchy.
[2021.12.09-07.49.33:911][  0]LogDerivedDataCache: Speed tests for C:/Users/fukin/AppData/Local/UnrealEngine/Common/DerivedDataCache took 0.01 seconds
[2021.12.09-07.49.33:911][  0]LogDerivedDataCache: Display: Performance to C:/Users/fukin/AppData/Local/UnrealEngine/Common/DerivedDataCache: Latency=0.03ms. RandomReadSpeed=1824.35MBs, RandomWriteSpeed=175.18MBs. Assigned SpeedClass 'Local'
[2021.12.09-07.49.33:911][  0]LogDerivedDataCache: Using Local data cache path C:/Users/fukin/AppData/Local/UnrealEngine/Common/DerivedDataCache: Writable
[2021.12.09-07.49.33:911][  0]LogDerivedDataCache: Shared data cache path not found in *engine.ini, will not use an Shared cache.
[2021.12.09-07.49.33:911][  0]LogDerivedDataCache: Unable to find inner node Shared for hierarchical cache Hierarchy.
[2021.12.09-07.49.34:304][  0]LogShaderCompilers: Display: Submitted 697 shader compile jobs with 'High' priority
[2021.12.09-07.49.34:304][  0]LogSlate: Using FreeType 2.10.0
[2021.12.09-07.49.34:304][  0]LogSlate: SlateFontServices - WITH_FREETYPE: 1, WITH_HARFBUZZ: 1
[2021.12.09-07.49.34:877][  0]LogShaderCompilers: Display: Worker (1/9): shaders left to compile 697
[2021.12.09-07.49.34:877][  0]LogShaderCompilers: Display: Worker (2/9): shaders left to compile 687
[2021.12.09-07.49.34:877][  0]LogShaderCompilers: Display: Worker (3/9): shaders left to compile 677
[2021.12.09-07.49.34:877][  0]LogShaderCompilers: Display: Worker (4/9): shaders left to compile 667
[2021.12.09-07.49.34:877][  0]LogShaderCompilers: Display: Worker (5/9): shaders left to compile 657
[2021.12.09-07.49.34:877][  0]LogShaderCompilers: Display: Worker (6/9): shaders left to compile 647
[2021.12.09-07.49.34:877][  0]LogShaderCompilers: Display: Worker (7/9): shaders left to compile 637
[2021.12.09-07.49.34:877][  0]LogShaderCompilers: Display: Worker (8/9): shaders left to compile 627
[2021.12.09-07.49.34:877][  0]LogShaderCompilers: Display: Worker (9/9): shaders left to compile 617
[2021.12.09-07.49.34:877][  0]LogShaderCompilers: Display: Started 90 'Local' shader compile jobs with 'High' priority
[2021.12.09-07.49.35:438][  0]LogShaderCompilers: Display: Worker (1/9): shaders left to compile 607
[2021.12.09-07.49.35:438][  0]LogShaderCompilers: Display: Worker (3/9): shaders left to compile 597
[2021.12.09-07.49.35:438][  0]LogShaderCompilers: Display: Started 20 'Local' shader compile jobs with 'High' priority
[2021.12.09-07.49.35:438][  0]LogShaderCompilers: Display: Worker (2/9): shaders left to compile 587
[2021.12.09-07.49.35:438][  0]LogShaderCompilers: Display: Worker (4/9): shaders left to compile 577
[2021.12.09-07.49.35:438][  0]LogShaderCompilers: Display: Started 20 'Local' shader compile jobs with 'High' priority
[2021.12.09-07.49.35:438][  0]LogShaderCompilers: Display: Worker (8/9): shaders left to compile 567
[2021.12.09-07.49.35:438][  0]LogShaderCompilers: Display: Started 10 'Local' shader compile jobs with 'High' priority
[2021.12.09-07.49.35:438][  0]LogShaderCompilers: Display: Worker (9/9): shaders left to compile 557
[2021.12.09-07.49.35:438][  0]LogShaderCompilers: Display: Started 10 'Local' shader compile jobs with 'High' priority
[2021.12.09-07.49.35:438][  0]LogShaderCompilers: Display: Worker (5/9): shaders left to compile 547
[2021.12.09-07.49.35:438][  0]LogShaderCompilers: Display: Started 10 'Local' shader compile jobs with 'High' priority
[2021.12.09-07.49.35:438][  0]LogShaderCompilers: Display: Worker (6/9): shaders left to compile 537
[2021.12.09-07.49.35:438][  0]LogShaderCompilers: Display: Started 10 'Local' shader compile jobs with 'High' priority
[2021.12.09-07.49.35:438][  0]LogShaderCompilers: Display: Worker (7/9): shaders left to compile 527
[2021.12.09-07.49.35:438][  0]LogShaderCompilers: Display: Started 10 'Local' shader compile jobs with 'High' priority
[2021.12.09-07.49.35:996][  0]LogShaderCompilers: Display: Worker (1/9): shaders left to compile 517
[2021.12.09-07.49.35:996][  0]LogShaderCompilers: Display: Started 10 'Local' shader compile jobs with 'High' priority
[2021.12.09-07.49.35:996][  0]LogShaderCompilers: Display: Worker (3/9): shaders left to compile 507
[2021.12.09-07.49.35:996][  0]LogShaderCompilers: Display: Started 10 'Local' shader compile jobs with 'High' priority
[2021.12.09-07.49.35:996][  0]LogShaderCompilers: Display: Worker (8/9): shaders left to compile 497
[2021.12.09-07.49.35:996][  0]LogShaderCompilers: Display: Started 10 'Local' shader compile jobs with 'High' priority
[2021.12.09-07.49.35:996][  0]LogShaderCompilers: Display: Worker (4/9): shaders left to compile 487
[2021.12.09-07.49.35:996][  0]LogShaderCompilers: Display: Started 10 'Local' shader compile jobs with 'High' priority
[2021.12.09-07.49.35:996][  0]LogShaderCompilers: Display: Worker (9/9): shaders left to compile 477
[2021.12.09-07.49.35:996][  0]LogShaderCompilers: Display: Started 10 'Local' shader compile jobs with 'High' priority
[2021.12.09-07.49.35:996][  0]LogShaderCompilers: Display: Worker (2/9): shaders left to compile 467
[2021.12.09-07.49.35:996][  0]LogShaderCompilers: Display: Started 10 'Local' shader compile jobs with 'High' priority
[2021.12.09-07.49.35:996][  0]LogShaderCompilers: Display: Worker (7/9): shaders left to compile 457
[2021.12.09-07.49.35:996][  0]LogShaderCompilers: Display: Started 10 'Local' shader compile jobs with 'High' priority
[2021.12.09-07.49.36:555][  0]LogShaderCompilers: Display: Worker (5/9): shaders left to compile 447
[2021.12.09-07.49.36:555][  0]LogShaderCompilers: Display: Started 10 'Local' shader compile jobs with 'High' priority
[2021.12.09-07.49.36:555][  0]LogShaderCompilers: Display: Worker (3/9): shaders left to compile 437
[2021.12.09-07.49.36:555][  0]LogShaderCompilers: Display: Started 10 'Local' shader compile jobs with 'High' priority
[2021.12.09-07.49.36:555][  0]LogShaderCompilers: Display: Worker (2/9): shaders left to compile 427
[2021.12.09-07.49.36:555][  0]LogShaderCompilers: Display: Started 10 'Local' shader compile jobs with 'High' priority
[2021.12.09-07.49.36:555][  0]LogShaderCompilers: Display: Worker (9/9): shaders left to compile 417
[2021.12.09-07.49.36:555][  0]LogShaderCompilers: Display: Started 10 'Local' shader compile jobs with 'High' priority
[2021.12.09-07.49.36:555][  0]LogShaderCompilers: Display: Worker (4/9): shaders left to compile 407
[2021.12.09-07.49.36:555][  0]LogShaderCompilers: Display: Started 10 'Local' shader compile jobs with 'High' priority
[2021.12.09-07.49.36:555][  0]LogShaderCompilers: Display: Worker (1/9): shaders left to compile 397
[2021.12.09-07.49.36:555][  0]LogShaderCompilers: Display: Started 10 'Local' shader compile jobs with 'High' priority
[2021.12.09-07.49.36:555][  0]LogShaderCompilers: Display: Worker (8/9): shaders left to compile 387
[2021.12.09-07.49.36:555][  0]LogShaderCompilers: Display: Started 10 'Local' shader compile jobs with 'High' priority
[2021.12.09-07.49.37:673][  0]LogShaderCompilers: Display: Worker (2/9): shaders left to compile 377
[2021.12.09-07.49.37:673][  0]LogShaderCompilers: Display: Started 10 'Local' shader compile jobs with 'High' priority
[2021.12.09-07.49.37:673][  0]LogShaderCompilers: Display: Worker (9/9): shaders left to compile 367
[2021.12.09-07.49.37:673][  0]LogShaderCompilers: Display: Started 10 'Local' shader compile jobs with 'High' priority
[2021.12.09-07.49.37:673][  0]LogShaderCompilers: Display: Worker (8/9): shaders left to compile 357
[2021.12.09-07.49.37:673][  0]LogShaderCompilers: Display: Started 10 'Local' shader compile jobs with 'High' priority
[2021.12.09-07.49.37:673][  0]LogShaderCompilers: Display: Worker (3/9): shaders left to compile 347
[2021.12.09-07.49.37:673][  0]LogShaderCompilers: Display: Started 10 'Local' shader compile jobs with 'High' priority
[2021.12.09-07.49.37:673][  0]LogShaderCompilers: Display: Worker (1/9): shaders left to compile 337
[2021.12.09-07.49.37:673][  0]LogShaderCompilers: Display: Started 10 'Local' shader compile jobs with 'High' priority
[2021.12.09-07.49.37:673][  0]LogShaderCompilers: Display: Worker (5/9): shaders left to compile 327
[2021.12.09-07.49.37:673][  0]LogShaderCompilers: Display: Started 10 'Local' shader compile jobs with 'High' priority
[2021.12.09-07.49.37:673][  0]LogShaderCompilers: Display: Worker (4/9): shaders left to compile 317
[2021.12.09-07.49.37:673][  0]LogShaderCompilers: Display: Started 10 'Local' shader compile jobs with 'High' priority
[2021.12.09-07.49.37:673][  0]LogShaderCompilers: Display: Worker (6/9): shaders left to compile 307
[2021.12.09-07.49.37:673][  0]LogShaderCompilers: Display: Started 10 'Local' shader compile jobs with 'High' priority
[2021.12.09-07.49.38:234][  0]LogShaderCompilers: Display: Worker (7/9): shaders left to compile 297
[2021.12.09-07.49.38:234][  0]LogShaderCompilers: Display: Started 10 'Local' shader compile jobs with 'High' priority
[2021.12.09-07.49.38:234][  0]LogShaderCompilers: Display: Worker (3/9): shaders left to compile 287
[2021.12.09-07.49.38:234][  0]LogShaderCompilers: Display: Started 10 'Local' shader compile jobs with 'High' priority
[2021.12.09-07.49.38:234][  0]LogShaderCompilers: Display: Worker (5/9): shaders left to compile 277
[2021.12.09-07.49.38:234][  0]LogShaderCompilers: Display: Started 10 'Local' shader compile jobs with 'High' priority
[2021.12.09-07.49.38:795][  0]LogShaderCompilers: Display: Worker (1/9): shaders left to compile 267
[2021.12.09-07.49.38:795][  0]LogShaderCompilers: Display: Started 10 'Local' shader compile jobs with 'High' priority
[2021.12.09-07.49.38:795][  0]LogShaderCompilers: Display: Worker (2/9): shaders left to compile 257
[2021.12.09-07.49.38:795][  0]LogShaderCompilers: Display: Started 10 'Local' shader compile jobs with 'High' priority
[2021.12.09-07.49.38:795][  0]LogShaderCompilers: Display: Worker (4/9): shaders left to compile 247
[2021.12.09-07.49.38:795][  0]LogShaderCompilers: Display: Started 10 'Local' shader compile jobs with 'High' priority
[2021.12.09-07.49.38:795][  0]LogShaderCompilers: Display: Worker (8/9): shaders left to compile 237
[2021.12.09-07.49.38:795][  0]LogShaderCompilers: Display: Started 10 'Local' shader compile jobs with 'High' priority
[2021.12.09-07.49.38:795][  0]LogShaderCompilers: Display: Worker (9/9): shaders left to compile 227
[2021.12.09-07.49.38:795][  0]LogShaderCompilers: Display: Started 10 'Local' shader compile jobs with 'High' priority
[2021.12.09-07.49.39:356][  0]LogShaderCompilers: Display: Worker (7/9): shaders left to compile 217
[2021.12.09-07.49.39:356][  0]LogShaderCompilers: Display: Started 10 'Local' shader compile jobs with 'High' priority
[2021.12.09-07.49.39:356][  0]LogShaderCompilers: Display: Worker (6/9): shaders left to compile 207
[2021.12.09-07.49.39:356][  0]LogShaderCompilers: Display: Started 10 'Local' shader compile jobs with 'High' priority
[2021.12.09-07.49.39:356][  0]LogShaderCompilers: Display: Worker (5/9): shaders left to compile 197
[2021.12.09-07.49.39:356][  0]LogShaderCompilers: Display: Started 10 'Local' shader compile jobs with 'High' priority
[2021.12.09-07.49.39:356][  0]LogShaderCompilers: Display: Worker (3/9): shaders left to compile 187
[2021.12.09-07.49.39:356][  0]LogShaderCompilers: Display: Started 10 'Local' shader compile jobs with 'High' priority
[2021.12.09-07.49.40:478][  0]LogShaderCompilers: Display: Worker (1/9): shaders left to compile 177
[2021.12.09-07.49.40:478][  0]LogShaderCompilers: Display: Started 10 'Local' shader compile jobs with 'High' priority
[2021.12.09-07.49.41:037][  0]LogShaderCompilers: Display: Worker (9/9): shaders left to compile 167
[2021.12.09-07.49.41:037][  0]LogShaderCompilers: Display: Started 10 'Local' shader compile jobs with 'High' priority
[2021.12.09-07.49.41:598][  0]LogShaderCompilers: Display: Worker (8/9): shaders left to compile 157
[2021.12.09-07.49.41:598][  0]LogShaderCompilers: Display: Started 10 'Local' shader compile jobs with 'High' priority
[2021.12.09-07.49.41:598][  0]LogShaderCompilers: Display: Worker (2/9): shaders left to compile 147
[2021.12.09-07.49.41:598][  0]LogShaderCompilers: Display: Started 10 'Local' shader compile jobs with 'High' priority
[2021.12.09-07.49.41:598][  0]LogShaderCompilers: Display: Worker (6/9): shaders left to compile 137
[2021.12.09-07.49.41:598][  0]LogShaderCompilers: Display: Started 10 'Local' shader compile jobs with 'High' priority
[2021.12.09-07.49.41:598][  0]LogShaderCompilers: Display: Worker (4/9): shaders left to compile 127
[2021.12.09-07.49.41:598][  0]LogShaderCompilers: Display: Started 10 'Local' shader compile jobs with 'High' priority
[2021.12.09-07.49.42:158][  0]LogShaderCompilers: Display: Worker (3/9): shaders left to compile 117
[2021.12.09-07.49.42:158][  0]LogShaderCompilers: Display: Started 10 'Local' shader compile jobs with 'High' priority
[2021.12.09-07.49.42:158][  0]LogShaderCompilers: Display: Worker (7/9): shaders left to compile 107
[2021.12.09-07.49.42:158][  0]LogShaderCompilers: Display: Started 10 'Local' shader compile jobs with 'High' priority
[2021.12.09-07.49.42:716][  0]LogShaderCompilers: Display: Worker (5/9): shaders left to compile 97
[2021.12.09-07.49.42:716][  0]LogShaderCompilers: Display: Started 10 'Local' shader compile jobs with 'High' priority
[2021.12.09-07.49.43:275][  0]LogShaderCompilers: Display: Worker (1/9): shaders left to compile 87
[2021.12.09-07.49.43:275][  0]LogShaderCompilers: Display: Started 10 'Local' shader compile jobs with 'High' priority
[2021.12.09-07.49.43:275][  0]LogShaderCompilers: Display: Worker (5/9): shaders left to compile 77
[2021.12.09-07.49.43:275][  0]LogShaderCompilers: Display: Started 9 'Local' shader compile jobs with 'High' priority
[2021.12.09-07.49.43:833][  0]LogShaderCompilers: Display: Worker (8/9): shaders left to compile 68
[2021.12.09-07.49.43:833][  0]LogShaderCompilers: Display: Started 8 'Local' shader compile jobs with 'High' priority
[2021.12.09-07.49.43:833][  0]LogShaderCompilers: Display: Worker (5/9): shaders left to compile 60
[2021.12.09-07.49.43:833][  0]LogShaderCompilers: Display: Started 7 'Local' shader compile jobs with 'High' priority
[2021.12.09-07.49.44:393][  0]LogShaderCompilers: Display: Worker (9/9): shaders left to compile 53
[2021.12.09-07.49.44:393][  0]LogShaderCompilers: Display: Started 6 'Local' shader compile jobs with 'High' priority
[2021.12.09-07.49.44:393][  0]LogShaderCompilers: Display: Worker (8/9): shaders left to compile 47
[2021.12.09-07.49.44:393][  0]LogShaderCompilers: Display: Started 6 'Local' shader compile jobs with 'High' priority
[2021.12.09-07.49.44:393][  0]LogShaderCompilers: Display: Worker (5/9): shaders left to compile 41
[2021.12.09-07.49.44:393][  0]LogShaderCompilers: Display: Started 5 'Local' shader compile jobs with 'High' priority
[2021.12.09-07.49.44:393][  0]LogShaderCompilers: Display: Worker (9/9): shaders left to compile 36
[2021.12.09-07.49.44:393][  0]LogShaderCompilers: Display: Started 5 'Local' shader compile jobs with 'High' priority
[2021.12.09-07.49.44:393][  0]LogShaderCompilers: Display: Worker (7/9): shaders left to compile 31
[2021.12.09-07.49.44:393][  0]LogShaderCompilers: Display: Started 4 'Local' shader compile jobs with 'High' priority
[2021.12.09-07.49.44:952][  0]LogShaderCompilers: Display: Worker (8/9): shaders left to compile 27
[2021.12.09-07.49.44:952][  0]LogShaderCompilers: Display: Started 4 'Local' shader compile jobs with 'High' priority
[2021.12.09-07.49.44:952][  0]LogShaderCompilers: Display: Worker (5/9): shaders left to compile 23
[2021.12.09-07.49.44:952][  0]LogShaderCompilers: Display: Started 3 'Local' shader compile jobs with 'High' priority
[2021.12.09-07.49.44:952][  0]LogShaderCompilers: Display: Worker (6/9): shaders left to compile 20
[2021.12.09-07.49.44:952][  0]LogShaderCompilers: Display: Started 3 'Local' shader compile jobs with 'High' priority
[2021.12.09-07.49.44:952][  0]LogShaderCompilers: Display: Worker (2/9): shaders left to compile 17
[2021.12.09-07.49.44:952][  0]LogShaderCompilers: Display: Started 2 'Local' shader compile jobs with 'High' priority
[2021.12.09-07.49.44:952][  0]LogShaderCompilers: Display: Worker (7/9): shaders left to compile 15
[2021.12.09-07.49.44:952][  0]LogShaderCompilers: Display: Started 2 'Local' shader compile jobs with 'High' priority
[2021.12.09-07.49.44:952][  0]LogShaderCompilers: Display: Worker (8/9): shaders left to compile 13
[2021.12.09-07.49.44:952][  0]LogShaderCompilers: Display: Started 2 'Local' shader compile jobs with 'High' priority
[2021.12.09-07.49.44:952][  0]LogShaderCompilers: Display: Worker (5/9): shaders left to compile 11
[2021.12.09-07.49.44:952][  0]LogShaderCompilers: Display: Started 2 'Local' shader compile jobs with 'High' priority
[2021.12.09-07.49.44:952][  0]LogShaderCompilers: Display: Worker (9/9): shaders left to compile 9
[2021.12.09-07.49.44:952][  0]LogShaderCompilers: Display: Started 2 'Local' shader compile jobs with 'High' priority
[2021.12.09-07.49.44:952][  0]LogShaderCompilers: Display: Worker (8/9): shaders left to compile 7
[2021.12.09-07.49.44:952][  0]LogShaderCompilers: Display: Started 1 'Local' shader compile jobs with 'High' priority
[2021.12.09-07.49.44:952][  0]LogShaderCompilers: Display: Worker (2/9): shaders left to compile 6
[2021.12.09-07.49.44:952][  0]LogShaderCompilers: Display: Worker (7/9): shaders left to compile 5
[2021.12.09-07.49.44:952][  0]LogShaderCompilers: Display: Started 2 'Local' shader compile jobs with 'High' priority
[2021.12.09-07.49.44:952][  0]LogShaderCompilers: Display: Worker (6/9): shaders left to compile 4
[2021.12.09-07.49.44:952][  0]LogShaderCompilers: Display: Started 1 'Local' shader compile jobs with 'High' priority
[2021.12.09-07.49.45:513][  0]LogShaderCompilers: Display: Worker (5/9): shaders left to compile 3
[2021.12.09-07.49.45:513][  0]LogShaderCompilers: Display: Started 1 'Local' shader compile jobs with 'High' priority
[2021.12.09-07.49.45:513][  0]LogShaderCompilers: Display: Worker (9/9): shaders left to compile 2
[2021.12.09-07.49.45:513][  0]LogShaderCompilers: Display: Started 1 'Local' shader compile jobs with 'High' priority
[2021.12.09-07.49.45:513][  0]LogShaderCompilers: Display: Worker (7/9): shaders left to compile 1
[2021.12.09-07.49.45:513][  0]LogShaderCompilers: Display: Started 1 'Local' shader compile jobs with 'High' priority
[2021.12.09-07.49.49:441][  0]LogInit: Using OS detected language (en-US).
[2021.12.09-07.49.49:441][  0]LogInit: Using OS detected locale (en-150).
[2021.12.09-07.49.49:441][  0]LogTextLocalizationManager: No localization for 'en-US' exists, so 'en' will be used for the language.
[2021.12.09-07.49.49:441][  0]LogTextLocalizationManager: No localization for 'en-150' exists, so 'en' will be used for the locale.
[2021.12.09-07.49.49:441][  0]LogSlate: FontCache flush requested. Reason: Culture for localization was changed
[2021.12.09-07.49.49:441][  0]LogSlate: FontCache flush requested. Reason: Culture for localization was changed
[2021.12.09-07.49.49:443][  0]LogTextLocalizationManager: Compacting localization data took   0.00ms
[2021.12.09-07.49.49:443][  0]LogAssetRegistry: FAssetRegistry took 0.0016 seconds to start up
[2021.12.09-07.49.49:594][  0]LogPackageLocalizationCache: Processed 33 localized package path(s) for 1 prioritized culture(s) in 0.000971 seconds
[2021.12.09-07.49.49:652][  0]LogInit: Selected Device Profile: [Windows]
[2021.12.09-07.49.49:652][  0]LogInit: Active device profile: [0000018A15203400][0000018A137E86C0 49] Windows
[2021.12.09-07.49.49:652][  0]LogInit: Profiles: [0000018A15203400][0000018A137E86C0 49] Windows, [0000018A151C8E00][0000018A137EC940 49] WindowsNoEditor, [0000018A15200E00][0000018A137F6BC0 49] WindowsServer, [0000018A151CAD00][0000018A137FEE80 49] WindowsClient, [0000018A15202C00][0000018A13803140 49] IOS, [0000018A151C9600][0000018A13807400 49] iPadAir, [0000018A15201500][0000018A1380B6C0 49] iPadAir2, [0000018A15177D00][0000018A13825C00 49] IPadPro, [0000018A15177E00][0000018A1380E0C0 49] iPadAir3, [0000018A15202700][0000018A1381C380 49] iPadAir4, [0000018A15175300][0000018A13818640 49] iPadMini2, [0000018A15201900][0000018A13820900 49] iPadMini3, [0000018A15176700][0000018A137FAB80 49] iPadMini4, [0000018A15203700][0000018A1382EE00 49] iPadMini5, [0000018A15197600][0000018A13847340 49] iPhone6, [0000018A15197700][0000018A13837380 49] iPodTouch6, [0000018A15174200][0000018A1384F8C0 49] iPhone7, [0000018A15174100][0000018A1383F900 49] iPodTouch7, [0000018A15195200][0000018A13843BC0 49] iPhone5S, [0000018A15174900][0000018A1383A300 49] iPhone6Plus, [0000018A15196800][0000018A1384A5C0 49] iPhone6S, [0000018A15174F00][0000018A13852880 49] iPhone6SPlus, [0000018A15195900][0000018A13856B40 49] iPhone7Plus, [0000018A15176600][0000018A13832DC0 49] iPhoneSE, [0000018A15197900][0000018A1385B040 49] iPhone8, [0000018A15177500][0000018A1346B300 49] iPhone8Plus, [0000018A15194F00][0000018A1346F5C0 49] iPhoneX, [0000018A15177900][0000018A13473880 49] iPhoneXS, [0000018A15196B00][0000018A13477B40 49] iPhoneXSMax, [0000018A15174800][0000018A1347A280 49] iPhoneXR, [0000018A15195000][0000018A1347E540 49] iPhone11, [0000018A15174E00][0000018A13482800 49] iPhone11Pro, [0000018A15195800][0000018A13486AC0 49] iPhone11ProMax, [0000018A15177A00][0000018A1348AD80 49] iPhoneSE2, [0000018A15195500][0000018A13467000 49] iPhone12Mini, [0000018A15176400][0000018A134932C0 49] iPhone12, [0000018A15194900][0000018A13497580 49] iPhone12Pro, [0000018A15177B00][0000018A1349B840 49] iPhone12ProMax, [0000018A15196600][0000018A13D7BB00 49] iPadPro105, [0000018A15175A00][0000018A13D7E240 49] iPadPro129, [0000018A15195B00][0000018A13D82500 49] iPadPro97, [0000018A15175700][0000018A13D867C0 49] iPadPro2_129, [0000018A15195100][0000018A13D8AA80 49] iPad5, [0000018A15177C00][0000018A13D8ED40 49] iPad6, [0000018A15196E00][0000018A1348EFC0 49] iPad7, [0000018A15175C00][0000018A13D93240 49] iPad8, [0000018A15196000][0000018A13D9B500 49] iPadPro11, [0000018A15175D00][0000018A13D9F7C0 49] iPadPro2_11, [0000018A15194600][0000018A13DA3A80 49] iPadPro3_129, [0000018A15177300][0000018A13DA61C0 49] iPadPro4_129, [0000018A15194C00][0000018A13DAA480 49] AppleTV, [0000018A15176500][0000018A13DAE740 49] AppleTV4K, [0000018A15197C00][0000018A13DB2A00 49] TVOS, [0000018A15174C00][0000018A13DB6CC0 49] Mac, [0000018A15194300][0000018A13DBAF80 49] MacClient, [0000018A15175900][0000018A13D97200 49] MacNoEditor, [0000018A15197F00][0000018A13DBF480 49] MacServer, [0000018A15175F00][0000018A13EDD740 49] Linux, [0000018A15196C00][0000018A13EE1A00 49] LinuxAArch64, [0000018A15234100][0000018A13EE4140 49] LinuxNoEditor, [0000018A151CB700][0000018A13EE8400 49] LinuxAArch64NoEditor, [0000018A15235300][0000018A13EEC6C0 49] LinuxClient, [0000018A151C9000][0000018A13EF0980 49] LinuxAArch64Client, [0000018A15234B00][0000018A13EF4C40 49] LinuxServer, [0000018A151CB100][0000018A13EF8F00 49] LinuxAArch64Server, [0000018A15234800][0000018A13EFD1C0 49] Android, [0000018A151CA000][0000018A13ED9440 49] Android_Low, [0000018A15235C00][0000018A13F016C0 49] Android_Mid, [0000018A151CB900][0000018A13F09980 49] Android_High, [0000018A15235200][0000018A13F0C0C0 49] Android_Default, [0000018A151CB200][0000018A13F10380 49] Android_Adreno4xx, [0000018A15234600][0000018A13F14640 49] Android_Adreno5xx_Low, [0000018A151C9100][0000018A13F18900 49] Android_Adreno5xx, [0000018A15234C00][0000018A13F1CBC0 49] Android_Adreno6xx, [0000018A151CAA00][0000018A13F20E80 49] Android_Adreno6xx_Vulkan, [0000018A15234D00][0000018A135D7140 49] Android_Mali_T6xx, [0000018A151CBC00][0000018A135DB400 49] Android_Mali_T7xx, [0000018A15234700][0000018A13F05680 49] Android_Mali_T8xx, [0000018A151CAE00][0000018A135DF900 49] Android_Mali_G71, [0000018A15196D00][0000018A135E7BC0 49] Android_Mali_G72, [0000018A15175B00][0000018A135EA300 49] Android_Mali_G72_Vulkan, [0000018A15195700][0000018A135EE5C0 49] Android_Mali_G76, [0000018A15175E00][0000018A135F2880 49] Android_Mali_G76_Vulkan, [0000018A15195D00][0000018A135F6B40 49] Android_Mali_G77, [0000018A15177700][0000018A135FAE00 49] Android_Mali_G77_Vulkan, [0000018A15194400][0000018A135FF0C0 49] Android_Mali_G78, [0000018A15175100][0000018A13603380 49] Android_Mali_G78_Vulkan, [0000018A15194200][0000018A13607640 49] Android_Mali_G710, [0000018A15176300][0000018A135E38C0 49] Android_Mali_G710_Vulkan, [0000018A15194700][0000018A1360BB40 49] Android_Vulkan_SM5, [0000018A15176C00][0000018A13612280 49] Android_PowerVR_G6xxx, [0000018A15197800][0000018A13616540 49] Android_PowerVR_GT7xxx, [0000018A15177800][0000018A1361A800 49] Android_PowerVR_GE8xxx, [0000018A15234900][0000018A1361EAC0 49] Android_PowerVR_GM9xxx, [0000018A15176D00][0000018A13622D80 49] Android_PowerVR_GM9xxx_Vulkan, [0000018A15235B00][0000018A13627040 49] Android_TegraK1, [0000018A15175000][0000018A1362B300 49] Android_Unknown_Vulkan, [0000018A15235100][0000018A1362F5C0 49] Lumin, [0000018A15174400][0000018A13633880 49] Lumin_Desktop, [0000018A15235D00][0000018A1360FB00 49] HoloLens, 
[2021.12.09-07.49.49:699][  0]LogMaterial: Display: Missing cached shadermap for WorldGridMaterial in PCD3D_ES3_1, Default, ES3_1 (DDC key hash: 9232CB4619C452B013762DD37A9C3BBF06FB001D), compiling. Is special engine material.
[2021.12.09-07.49.50:271][  0]LogShaderCompilers: Display: Submitted 876 shader compile jobs with 'High' priority
[2021.12.09-07.49.50:831][  0]LogShaderCompilers: Display: Worker (1/9): shaders left to compile 876
[2021.12.09-07.49.50:831][  0]LogShaderCompilers: Display: Worker (2/9): shaders left to compile 866
[2021.12.09-07.49.50:831][  0]LogShaderCompilers: Display: Worker (3/9): shaders left to compile 856
[2021.12.09-07.49.50:831][  0]LogShaderCompilers: Display: Worker (4/9): shaders left to compile 846
[2021.12.09-07.49.50:831][  0]LogShaderCompilers: Display: Worker (5/9): shaders left to compile 836
[2021.12.09-07.49.50:831][  0]LogShaderCompilers: Display: Worker (6/9): shaders left to compile 826
[2021.12.09-07.49.50:831][  0]LogShaderCompilers: Display: Worker (7/9): shaders left to compile 816
[2021.12.09-07.49.50:831][  0]LogShaderCompilers: Display: Worker (8/9): shaders left to compile 806
[2021.12.09-07.49.50:831][  0]LogShaderCompilers: Display: Worker (9/9): shaders left to compile 796
[2021.12.09-07.49.50:831][  0]LogShaderCompilers: Display: Started 90 'Local' shader compile jobs with 'High' priority
[2021.12.09-07.49.52:511][  0]LogShaderCompilers: Display: Worker (8/9): shaders left to compile 786
[2021.12.09-07.49.52:511][  0]LogShaderCompilers: Display: Started 10 'Local' shader compile jobs with 'High' priority
[2021.12.09-07.49.52:511][  0]LogShaderCompilers: Display: Worker (3/9): shaders left to compile 776
[2021.12.09-07.49.52:511][  0]LogShaderCompilers: Display: Started 10 'Local' shader compile jobs with 'High' priority
[2021.12.09-07.49.53:070][  0]LogShaderCompilers: Display: Worker (2/9): shaders left to compile 766
[2021.12.09-07.49.53:070][  0]LogShaderCompilers: Display: Started 10 'Local' shader compile jobs with 'High' priority
[2021.12.09-07.49.53:070][  0]LogShaderCompilers: Display: Worker (1/9): shaders left to compile 756
[2021.12.09-07.49.53:070][  0]LogShaderCompilers: Display: Started 10 'Local' shader compile jobs with 'High' priority
[2021.12.09-07.49.53:070][  0]LogShaderCompilers: Display: Worker (4/9): shaders left to compile 746
[2021.12.09-07.49.53:070][  0]LogShaderCompilers: Display: Started 10 'Local' shader compile jobs with 'High' priority
[2021.12.09-07.49.53:070][  0]LogShaderCompilers: Display: Worker (9/9): shaders left to compile 736
[2021.12.09-07.49.53:070][  0]LogShaderCompilers: Display: Started 10 'Local' shader compile jobs with 'High' priority
[2021.12.09-07.49.53:631][  0]LogShaderCompilers: Display: Worker (6/9): shaders left to compile 726
[2021.12.09-07.49.53:631][  0]LogShaderCompilers: Display: Started 10 'Local' shader compile jobs with 'High' priority
[2021.12.09-07.49.53:631][  0]LogShaderCompilers: Display: Worker (7/9): shaders left to compile 716
[2021.12.09-07.49.53:631][  0]LogShaderCompilers: Display: Started 10 'Local' shader compile jobs with 'High' priority
[2021.12.09-07.49.53:631][  0]LogShaderCompilers: Display: Worker (5/9): shaders left to compile 706
[2021.12.09-07.49.53:631][  0]LogShaderCompilers: Display: Started 10 'Local' shader compile jobs with 'High' priority
[2021.12.09-07.49.54:754][  0]LogShaderCompilers: Display: Worker (3/9): shaders left to compile 696
[2021.12.09-07.49.54:754][  0]LogShaderCompilers: Display: Started 10 'Local' shader compile jobs with 'High' priority
[2021.12.09-07.49.54:754][  0]LogShaderCompilers: Display: Worker (8/9): shaders left to compile 686
[2021.12.09-07.49.54:754][  0]LogShaderCompilers: Display: Started 10 'Local' shader compile jobs with 'High' priority
[2021.12.09-07.49.55:315][  0]LogShaderCompilers: Display: Worker (2/9): shaders left to compile 676
[2021.12.09-07.49.55:315][  0]LogShaderCompilers: Display: Started 10 'Local' shader compile jobs with 'High' priority
[2021.12.09-07.49.55:876][  0]LogShaderCompilers: Display: Worker (4/9): shaders left to compile 666
[2021.12.09-07.49.55:876][  0]LogShaderCompilers: Display: Started 10 'Local' shader compile jobs with 'High' priority
[2021.12.09-07.49.55:876][  0]LogShaderCompilers: Display: Worker (1/9): shaders left to compile 656
[2021.12.09-07.49.55:876][  0]LogShaderCompilers: Display: Started 10 'Local' shader compile jobs with 'High' priority
[2021.12.09-07.49.55:876][  0]LogShaderCompilers: Display: Worker (5/9): shaders left to compile 646
[2021.12.09-07.49.55:876][  0]LogShaderCompilers: Display: Started 10 'Local' shader compile jobs with 'High' priority
[2021.12.09-07.49.55:876][  0]LogShaderCompilers: Display: Worker (6/9): shaders left to compile 636
[2021.12.09-07.49.55:876][  0]LogShaderCompilers: Display: Started 10 'Local' shader compile jobs with 'High' priority
[2021.12.09-07.49.55:876][  0]LogShaderCompilers: Display: Worker (9/9): shaders left to compile 626
[2021.12.09-07.49.55:876][  0]LogShaderCompilers: Display: Started 10 'Local' shader compile jobs with 'High' priority
[2021.12.09-07.49.56:437][  0]LogShaderCompilers: Display: Worker (7/9): shaders left to compile 616
[2021.12.09-07.49.56:437][  0]LogShaderCompilers: Display: Started 10 'Local' shader compile jobs with 'High' priority
[2021.12.09-07.49.56:998][  0]LogShaderCompilers: Display: Worker (3/9): shaders left to compile 606
[2021.12.09-07.49.56:998][  0]LogShaderCompilers: Display: Started 10 'Local' shader compile jobs with 'High' priority
[2021.12.09-07.49.57:558][  0]LogShaderCompilers: Display: Worker (8/9): shaders left to compile 596
[2021.12.09-07.49.57:558][  0]LogShaderCompilers: Display: Started 10 'Local' shader compile jobs with 'High' priority
[2021.12.09-07.49.57:558][  0]LogShaderCompilers: Display: Worker (1/9): shaders left to compile 586
[2021.12.09-07.49.57:558][  0]LogShaderCompilers: Display: Started 10 'Local' shader compile jobs with 'High' priority
[2021.12.09-07.49.57:558][  0]LogShaderCompilers: Display: Worker (2/9): shaders left to compile 576
[2021.12.09-07.49.57:558][  0]LogShaderCompilers: Display: Started 10 'Local' shader compile jobs with 'High' priority
[2021.12.09-07.49.57:558][  0]LogShaderCompilers: Display: Worker (9/9): shaders left to compile 566
[2021.12.09-07.49.57:558][  0]LogShaderCompilers: Display: Started 10 'Local' shader compile jobs with 'High' priority
[2021.12.09-07.49.58:117][  0]LogShaderCompilers: Display: Worker (6/9): shaders left to compile 556
[2021.12.09-07.49.58:117][  0]LogShaderCompilers: Display: Started 10 'Local' shader compile jobs with 'High' priority
[2021.12.09-07.49.58:117][  0]LogShaderCompilers: Display: Worker (4/9): shaders left to compile 546
[2021.12.09-07.49.58:117][  0]LogShaderCompilers: Display: Started 10 'Local' shader compile jobs with 'High' priority
[2021.12.09-07.49.58:117][  0]LogShaderCompilers: Display: Worker (5/9): shaders left to compile 536
[2021.12.09-07.49.58:117][  0]LogShaderCompilers: Display: Started 10 'Local' shader compile jobs with 'High' priority
[2021.12.09-07.49.58:679][  0]LogShaderCompilers: Display: Worker (7/9): shaders left to compile 526
[2021.12.09-07.49.58:679][  0]LogShaderCompilers: Display: Started 10 'Local' shader compile jobs with 'High' priority
[2021.12.09-07.49.59:801][  0]LogShaderCompilers: Display: Worker (2/9): shaders left to compile 516
[2021.12.09-07.49.59:801][  0]LogShaderCompilers: Display: Started 10 'Local' shader compile jobs with 'High' priority
[2021.12.09-07.50.00:362][  0]LogShaderCompilers: Display: Worker (3/9): shaders left to compile 506
[2021.12.09-07.50.00:362][  0]LogShaderCompilers: Display: Started 10 'Local' shader compile jobs with 'High' priority
[2021.12.09-07.50.00:362][  0]LogShaderCompilers: Display: Worker (8/9): shaders left to compile 496
[2021.12.09-07.50.00:362][  0]LogShaderCompilers: Display: Started 10 'Local' shader compile jobs with 'High' priority
[2021.12.09-07.50.00:362][  0]LogShaderCompilers: Display: Worker (1/9): shaders left to compile 486
[2021.12.09-07.50.00:362][  0]LogShaderCompilers: Display: Started 10 'Local' shader compile jobs with 'High' priority
[2021.12.09-07.50.00:362][  0]LogShaderCompilers: Display: Worker (6/9): shaders left to compile 476
[2021.12.09-07.50.00:362][  0]LogShaderCompilers: Display: Started 10 'Local' shader compile jobs with 'High' priority
[2021.12.09-07.50.00:923][  0]LogShaderCompilers: Display: Worker (9/9): shaders left to compile 466
[2021.12.09-07.50.00:923][  0]LogShaderCompilers: Display: Started 10 'Local' shader compile jobs with 'High' priority
[2021.12.09-07.50.00:923][  0]LogShaderCompilers: Display: Worker (4/9): shaders left to compile 456
[2021.12.09-07.50.00:923][  0]LogShaderCompilers: Display: Started 10 'Local' shader compile jobs with 'High' priority
[2021.12.09-07.50.00:923][  0]LogShaderCompilers: Display: Worker (5/9): shaders left to compile 446
[2021.12.09-07.50.00:923][  0]LogShaderCompilers: Display: Started 10 'Local' shader compile jobs with 'High' priority
[2021.12.09-07.50.01:483][  0]LogShaderCompilers: Display: Worker (7/9): shaders left to compile 436
[2021.12.09-07.50.01:483][  0]LogShaderCompilers: Display: Started 10 'Local' shader compile jobs with 'High' priority
[2021.12.09-07.50.02:040][  0]LogShaderCompilers: Display: Worker (2/9): shaders left to compile 426
[2021.12.09-07.50.02:040][  0]LogShaderCompilers: Display: Started 10 'Local' shader compile jobs with 'High' priority
[2021.12.09-07.50.02:598][  0]LogShaderCompilers: Display: Worker (1/9): shaders left to compile 416
[2021.12.09-07.50.02:598][  0]LogShaderCompilers: Display: Started 10 'Local' shader compile jobs with 'High' priority
[2021.12.09-07.50.02:598][  0]LogShaderCompilers: Display: Worker (6/9): shaders left to compile 406
[2021.12.09-07.50.02:598][  0]LogShaderCompilers: Display: Started 10 'Local' shader compile jobs with 'High' priority
[2021.12.09-07.50.03:159][  0]LogShaderCompilers: Display: Worker (8/9): shaders left to compile 396
[2021.12.09-07.50.03:159][  0]LogShaderCompilers: Display: Started 10 'Local' shader compile jobs with 'High' priority
[2021.12.09-07.50.03:159][  0]LogShaderCompilers: Display: Worker (3/9): shaders left to compile 386
[2021.12.09-07.50.03:159][  0]LogShaderCompilers: Display: Started 10 'Local' shader compile jobs with 'High' priority
[2021.12.09-07.50.03:720][  0]LogShaderCompilers: Display: Worker (4/9): shaders left to compile 376
[2021.12.09-07.50.03:720][  0]LogShaderCompilers: Display: Started 10 'Local' shader compile jobs with 'High' priority
[2021.12.09-07.50.04:278][  0]LogShaderCompilers: Display: Worker (5/9): shaders left to compile 366
[2021.12.09-07.50.04:278][  0]LogShaderCompilers: Display: Started 10 'Local' shader compile jobs with 'High' priority
[2021.12.09-07.50.04:838][  0]LogShaderCompilers: Display: Worker (7/9): shaders left to compile 356
[2021.12.09-07.50.04:838][  0]LogShaderCompilers: Display: Started 10 'Local' shader compile jobs with 'High' priority
[2021.12.09-07.50.04:838][  0]LogShaderCompilers: Display: Worker (9/9): shaders left to compile 346
[2021.12.09-07.50.04:838][  0]LogShaderCompilers: Display: Started 10 'Local' shader compile jobs with 'High' priority
